This is XeTeX, Version 3.14159265-2.6-0.99998 (TeX Live 2017/Debian) (preloaded format=xelatex 2019.6.24)  26 JUN 2020 13:27
entering extended mode
 restricted \write18 enabled.
 %&-line parsing enabled.
**bookdown-demo.tex
(./bookdown-demo.tex
LaTeX2e <2017-04-15>
Babel <3.18> and hyphenation patterns for 84 language(s) loaded.
(/usr/share/texlive/texmf-dist/tex/latex/base/book.cls
Document Class: book 2014/09/29 v1.4h Standard LaTeX document class
(/usr/share/texlive/texmf-dist/tex/latex/base/bk10.clo
File: bk10.clo 2014/09/29 v1.4h Standard LaTeX file (size option)
)
\c@part=\count79
\c@chapter=\count80
\c@section=\count81
\c@subsection=\count82
\c@subsubsection=\count83
\c@paragraph=\count84
\c@subparagraph=\count85
\c@figure=\count86
\c@table=\count87
\abovecaptionskip=\skip41
\belowcaptionskip=\skip42
\bibindent=\dimen102
) (/usr/share/texmf/tex/latex/lm/lmodern.sty
Package: lmodern 2009/10/30 v1.6 Latin Modern Fonts
LaTeX Font Info:    Overwriting symbol font `operators' in version `normal'
(Font)                  OT1/cmr/m/n --> OT1/lmr/m/n on input line 22.
LaTeX Font Info:    Overwriting symbol font `letters' in version `normal'
(Font)                  OML/cmm/m/it --> OML/lmm/m/it on input line 23.
LaTeX Font Info:    Overwriting symbol font `symbols' in version `normal'
(Font)                  OMS/cmsy/m/n --> OMS/lmsy/m/n on input line 24.
LaTeX Font Info:    Overwriting symbol font `largesymbols' in version `normal'
(Font)                  OMX/cmex/m/n --> OMX/lmex/m/n on input line 25.
LaTeX Font Info:    Overwriting symbol font `operators' in version `bold'
(Font)                  OT1/cmr/bx/n --> OT1/lmr/bx/n on input line 26.
LaTeX Font Info:    Overwriting symbol font `letters' in version `bold'
(Font)                  OML/cmm/b/it --> OML/lmm/b/it on input line 27.
LaTeX Font Info:    Overwriting symbol font `symbols' in version `bold'
(Font)                  OMS/cmsy/b/n --> OMS/lmsy/b/n on input line 28.
LaTeX Font Info:    Overwriting symbol font `largesymbols' in version `bold'
(Font)                  OMX/cmex/m/n --> OMX/lmex/m/n on input line 29.
LaTeX Font Info:    Overwriting math alphabet `\mathbf' in version `normal'
(Font)                  OT1/cmr/bx/n --> OT1/lmr/bx/n on input line 31.
LaTeX Font Info:    Overwriting math alphabet `\mathsf' in version `normal'
(Font)                  OT1/cmss/m/n --> OT1/lmss/m/n on input line 32.
LaTeX Font Info:    Overwriting math alphabet `\mathit' in version `normal'
(Font)                  OT1/cmr/m/it --> OT1/lmr/m/it on input line 33.
LaTeX Font Info:    Overwriting math alphabet `\mathtt' in version `normal'
(Font)                  OT1/cmtt/m/n --> OT1/lmtt/m/n on input line 34.
LaTeX Font Info:    Overwriting math alphabet `\mathbf' in version `bold'
(Font)                  OT1/cmr/bx/n --> OT1/lmr/bx/n on input line 35.
LaTeX Font Info:    Overwriting math alphabet `\mathsf' in version `bold'
(Font)                  OT1/cmss/bx/n --> OT1/lmss/bx/n on input line 36.
LaTeX Font Info:    Overwriting math alphabet `\mathit' in version `bold'
(Font)                  OT1/cmr/bx/it --> OT1/lmr/bx/it on input line 37.
LaTeX Font Info:    Overwriting math alphabet `\mathtt' in version `bold'
(Font)                  OT1/cmtt/m/n --> OT1/lmtt/m/n on input line 38.
) (/usr/share/texlive/texmf-dist/tex/latex/amsfonts/amssymb.sty
Package: amssymb 2013/01/14 v3.01 AMS font symbols
(/usr/share/texlive/texmf-dist/tex/latex/amsfonts/amsfonts.sty
Package: amsfonts 2013/01/14 v3.01 Basic AMSFonts support
\@emptytoks=\toks14
\symAMSa=\mathgroup4
\symAMSb=\mathgroup5
LaTeX Font Info:    Overwriting math alphabet `\mathfrak' in version `bold'
(Font)                  U/euf/m/n --> U/euf/b/n on input line 106.
)) (/usr/share/texlive/texmf-dist/tex/latex/amsmath/amsmath.sty
Package: amsmath 2017/09/02 v2.17a AMS math features
\@mathmargin=\skip43
For additional information on amsmath, use the `?' option.
(/usr/share/texlive/texmf-dist/tex/latex/amsmath/amstext.sty
Package: amstext 2000/06/29 v2.01 AMS text
(/usr/share/texlive/texmf-dist/tex/latex/amsmath/amsgen.sty
File: amsgen.sty 1999/11/30 v2.0 generic functions
\@emptytoks=\toks15
\ex@=\dimen103
)) (/usr/share/texlive/texmf-dist/tex/latex/amsmath/amsbsy.sty
Package: amsbsy 1999/11/29 v1.2d Bold Symbols
\pmbraise@=\dimen104
) (/usr/share/texlive/texmf-dist/tex/latex/amsmath/amsopn.sty
Package: amsopn 2016/03/08 v2.02 operator names
)
\inf@bad=\count88
LaTeX Info: Redefining \frac on input line 213.
\uproot@=\count89
\leftroot@=\count90
LaTeX Info: Redefining \overline on input line 375.
\classnum@=\count91
\DOTSCASE@=\count92
LaTeX Info: Redefining \ldots on input line 472.
LaTeX Info: Redefining \dots on input line 475.
LaTeX Info: Redefining \cdots on input line 596.
\Mathstrutbox@=\box26
\strutbox@=\box27
\big@size=\dimen105
LaTeX Font Info:    Redeclaring font encoding OML on input line 712.
LaTeX Font Info:    Redeclaring font encoding OMS on input line 713.
\macc@depth=\count93
\c@MaxMatrixCols=\count94
\dotsspace@=\muskip10
\c@parentequation=\count95
\dspbrk@lvl=\count96
\tag@help=\toks16
\row@=\count97
\column@=\count98
\maxfields@=\count99
\andhelp@=\toks17
\eqnshift@=\dimen106
\alignsep@=\dimen107
\tagshift@=\dimen108
\tagwidth@=\dimen109
\totwidth@=\dimen110
\lineht@=\dimen111
\@envbody=\toks18
\multlinegap=\skip44
\multlinetaggap=\skip45
\mathdisplay@stack=\toks19
LaTeX Info: Redefining \[ on input line 2817.
LaTeX Info: Redefining \] on input line 2818.
) (/usr/share/texlive/texmf-dist/tex/generic/ifxetex/ifxetex.sty
Package: ifxetex 2010/09/12 v0.6 Provides ifxetex conditional
) (/usr/share/texlive/texmf-dist/tex/generic/oberdiek/ifluatex.sty
Package: ifluatex 2016/05/16 v1.4 Provides the ifluatex switch (HO)
Package ifluatex Info: LuaTeX not detected.
) (/usr/share/texlive/texmf-dist/tex/latex/base/fixltx2e.sty
Package: fixltx2e 2016/12/29 v2.1a fixes to LaTeX (obsolete)
Applying: [2015/01/01] Old fixltx2e package on input line 46.

Package fixltx2e Warning: fixltx2e is not required with releases after 2015
(fixltx2e)                All fixes are now in the LaTeX kernel.
(fixltx2e)                See the latexrelease package for details.

Already applied: [0000/00/00] Old fixltx2e package on input line 53.
) (/usr/share/texlive/texmf-dist/tex/latex/unicode-math/unicode-math.sty (/usr/
share/texlive/texmf-dist/tex/latex/l3kernel/expl3.sty
Package: expl3 2018/02/21 L3 programming layer (loader) 
(/usr/share/texlive/texmf-dist/tex/latex/l3kernel/expl3-code.tex
Package: expl3 2018/02/21 L3 programming layer (code)
\c_max_int=\count100
\l_tmpa_int=\count101
\l_tmpb_int=\count102
\g_tmpa_int=\count103
\g_tmpb_int=\count104
\g__intarray_font_int=\count105
\g__prg_map_int=\count106
\c_log_iow=\count107
\l_iow_line_count_int=\count108
\l__iow_line_target_int=\count109
\l__iow_one_indent_int=\count110
\l__iow_indent_int=\count111
\c_zero_dim=\dimen112
\c_max_dim=\dimen113
\l_tmpa_dim=\dimen114
\l_tmpb_dim=\dimen115
\g_tmpa_dim=\dimen116
\g_tmpb_dim=\dimen117
\c_zero_skip=\skip46
\c_max_skip=\skip47
\l_tmpa_skip=\skip48
\l_tmpb_skip=\skip49
\g_tmpa_skip=\skip50
\g_tmpb_skip=\skip51
\c_zero_muskip=\muskip11
\c_max_muskip=\muskip12
\l_tmpa_muskip=\muskip13
\l_tmpb_muskip=\muskip14
\g_tmpa_muskip=\muskip15
\g_tmpb_muskip=\muskip16
\l_keys_choice_int=\count112
\c__fp_leading_shift_int=\count113
\c__fp_middle_shift_int=\count114
\c__fp_trailing_shift_int=\count115
\c__fp_big_leading_shift_int=\count116
\c__fp_big_middle_shift_int=\count117
\c__fp_big_trailing_shift_int=\count118
\c__fp_Bigg_leading_shift_int=\count119
\c__fp_Bigg_middle_shift_int=\count120
\c__fp_Bigg_trailing_shift_int=\count121
\l__sort_length_int=\count122
\l__sort_min_int=\count123
\l__sort_top_int=\count124
\l__sort_max_int=\count125
\l__sort_true_max_int=\count126
\l__sort_block_int=\count127
\l__sort_begin_int=\count128
\l__sort_end_int=\count129
\l__sort_A_int=\count130
\l__sort_B_int=\count131
\l__sort_C_int=\count132
\l__tl_build_start_index_int=\count133
\l__tl_build_index_int=\count134
\l__tl_analysis_normal_int=\count135
\l__tl_analysis_index_int=\count136
\l__tl_analysis_nesting_int=\count137
\l__tl_analysis_type_int=\count138
\l__regex_internal_a_int=\count139
\l__regex_internal_b_int=\count140
\l__regex_internal_c_int=\count141
\l__regex_balance_int=\count142
\l__regex_group_level_int=\count143
\l__regex_mode_int=\count144
\c__regex_cs_in_class_mode_int=\count145
\c__regex_cs_mode_int=\count146
\l__regex_catcodes_int=\count147
\l__regex_default_catcodes_int=\count148
\c__regex_catcode_L_int=\count149
\c__regex_catcode_O_int=\count150
\c__regex_catcode_A_int=\count151
\c__regex_all_catcodes_int=\count152
\l__regex_show_lines_int=\count153
\l__regex_min_state_int=\count154
\l__regex_max_state_int=\count155
\l__regex_left_state_int=\count156
\l__regex_right_state_int=\count157
\l__regex_capturing_group_int=\count158
\l__regex_min_pos_int=\count159
\l__regex_max_pos_int=\count160
\l__regex_curr_pos_int=\count161
\l__regex_start_pos_int=\count162
\l__regex_success_pos_int=\count163
\l__regex_curr_char_int=\count164
\l__regex_curr_catcode_int=\count165
\l__regex_last_char_int=\count166
\l__regex_case_changed_char_int=\count167
\l__regex_curr_state_int=\count168
\l__regex_step_int=\count169
\l__regex_min_active_int=\count170
\l__regex_max_active_int=\count171
\l__regex_replacement_csnames_int=\count172
\l__regex_match_count_int=\count173
\l__regex_min_submatch_int=\count174
\l__regex_submatch_int=\count175
\l__regex_zeroth_submatch_int=\count176
\g__regex_trace_regex_int=\count177
\c_empty_box=\box28
\l_tmpa_box=\box29
\l_tmpb_box=\box30
\g_tmpa_box=\box31
\g_tmpb_box=\box32
\l__box_top_dim=\dimen118
\l__box_bottom_dim=\dimen119
\l__box_left_dim=\dimen120
\l__box_right_dim=\dimen121
\l__box_top_new_dim=\dimen122
\l__box_bottom_new_dim=\dimen123
\l__box_left_new_dim=\dimen124
\l__box_right_new_dim=\dimen125
\l__box_internal_box=\box33
\l__coffin_internal_box=\box34
\l__coffin_internal_dim=\dimen126
\l__coffin_offset_x_dim=\dimen127
\l__coffin_offset_y_dim=\dimen128
\l__coffin_x_dim=\dimen129
\l__coffin_y_dim=\dimen130
\l__coffin_x_prime_dim=\dimen131
\l__coffin_y_prime_dim=\dimen132
\c_empty_coffin=\box35
\l__coffin_aligned_coffin=\box36
\l__coffin_aligned_internal_coffin=\box37
\l_tmpa_coffin=\box38
\l_tmpb_coffin=\box39
\l__coffin_display_coffin=\box40
\l__coffin_display_coord_coffin=\box41
\l__coffin_display_pole_coffin=\box42
\l__coffin_display_offset_dim=\dimen133
\l__coffin_display_x_dim=\dimen134
\l__coffin_display_y_dim=\dimen135
\l__coffin_bounding_shift_dim=\dimen136
\l__coffin_left_corner_dim=\dimen137
\l__coffin_right_corner_dim=\dimen138
\l__coffin_bottom_corner_dim=\dimen139
\l__coffin_top_corner_dim=\dimen140
\l__coffin_scaled_total_height_dim=\dimen141
\l__coffin_scaled_width_dim=\dimen142
) (/usr/share/texlive/texmf-dist/tex/latex/l3kernel/l3xdvipdfmx.def
File: l3xdvidpfmx.def 2017/03/18 v L3 Experimental driver: xdvipdfmx
\g__driver_image_int=\count178
\l__driver_tmp_box=\box43
))
Package: unicode-math 2018/02/02 vv0.8l Unicode maths in XeLaTeX and LuaLaTeX
(/usr/share/texlive/texmf-dist/tex/latex/unicode-math/unicode-math-xetex.sty
Package: unicode-math-xetex 2018/02/02 vv0.8l Unicode maths in XeLaTeX and LuaL
aTeX
(/usr/share/texlive/texmf-dist/tex/latex/l3packages/xparse/xparse.sty
Package: xparse 2018/02/21 L3 Experimental document command parser
\l__xparse_current_arg_int=\count179
\g__xparse_grabber_int=\count180
\l__xparse_m_args_int=\count181
\l__xparse_mandatory_args_int=\count182
\l__xparse_v_nesting_int=\count183
) (/usr/share/texlive/texmf-dist/tex/latex/l3packages/l3keys2e/l3keys2e.sty
Package: l3keys2e 2018/02/21 LaTeX2e option processing using LaTeX3 keys
) (/usr/share/texlive/texmf-dist/tex/latex/fontspec/fontspec.sty
Package: fontspec 2017/11/09 v2.6g Font selection for XeLaTeX and LuaLaTeX
(/usr/share/texlive/texmf-dist/tex/latex/fontspec/fontspec-xetex.sty
Package: fontspec-xetex 2017/11/09 v2.6g Font selection for XeLaTeX and LuaLaTe
X
\l__fontspec_script_int=\count184
\l__fontspec_language_int=\count185
\l__fontspec_strnum_int=\count186
\l__fontspec_tmp_int=\count187
\l__fontspec_em_int=\count188
\l__fontspec_emdef_int=\count189
\l__fontspec_strong_int=\count190
\l__fontspec_strongdef_int=\count191
\l__fontspec_tmpa_dim=\dimen143
\l__fontspec_tmpb_dim=\dimen144
\l__fontspec_tmpc_dim=\dimen145
\g__file_internal_ior=\read1
(/usr/share/texlive/texmf-dist/tex/latex/base/fontenc.sty
Package: fontenc 2017/04/05 v2.0i Standard LaTeX package
(/usr/share/texlive/texmf-dist/tex/latex/base/tuenc.def
File: tuenc.def 2017/04/05 v2.0i Standard LaTeX file
LaTeX Font Info:    Redeclaring font encoding TU on input line 82.
))
.................................................
. LaTeX info: "xparse/define-command"
. 
. Defining command \fontspec with sig. 'O{}mO{}' on line 542.
.................................................
.................................................
. LaTeX info: "xparse/define-command"
. 
. Defining command \setmainfont with sig. 'O{}mO{}' on line 546.
.................................................
.................................................
. LaTeX info: "xparse/define-command"
. 
. Defining command \setsansfont with sig. 'O{}mO{}' on line 550.
.................................................
.................................................
. LaTeX info: "xparse/define-command"
. 
. Defining command \setmonofont with sig. 'O{}mO{}' on line 554.
.................................................
.................................................
. LaTeX info: "xparse/define-command"
. 
. Defining command \setmathrm with sig. 'O{}mO{}' on line 558.
.................................................
.................................................
. LaTeX info: "xparse/define-command"
. 
. Defining command \setboldmathrm with sig. 'O{}mO{}' on line 562.
.................................................
.................................................
. LaTeX info: "xparse/define-command"
. 
. Defining command \setmathsf with sig. 'O{}mO{}' on line 566.
.................................................
.................................................
. LaTeX info: "xparse/define-command"
. 
. Defining command \setmathtt with sig. 'O{}mO{}' on line 570.
.................................................
.................................................
. LaTeX info: "xparse/define-command"
. 
. Defining command \setromanfont with sig. 'O{}mO{}' on line 574.
.................................................
.................................................
. LaTeX info: "xparse/define-command"
. 
. Defining command \newfontfamily with sig. 'mO{}mO{}' on line 578.
.................................................
.................................................
. LaTeX info: "xparse/define-command"
. 
. Defining command \newfontface with sig. 'mO{}mO{}' on line 582.
.................................................
.................................................
. LaTeX info: "xparse/define-command"
. 
. Defining command \defaultfontfeatures with sig. 't+om' on line 586.
.................................................
.................................................
. LaTeX info: "xparse/define-command"
. 
. Defining command \addfontfeatures with sig. 'm' on line 590.
.................................................
.................................................
. LaTeX info: "xparse/define-command"
. 
. Defining command \addfontfeature with sig. 'm' on line 594.
.................................................
.................................................
. LaTeX info: "xparse/define-command"
. 
. Defining command \newfontfeature with sig. 'mm' on line 598.
.................................................
.................................................
. LaTeX info: "xparse/define-command"
. 
. Defining command \newAATfeature with sig. 'mmmm' on line 602.
.................................................
.................................................
. LaTeX info: "xparse/define-command"
. 
. Defining command \newopentypefeature with sig. 'mmm' on line 606.
.................................................
.................................................
. LaTeX info: "xparse/define-command"
. 
. Defining command \newICUfeature with sig. 'mmm' on line 610.
.................................................
.................................................
. LaTeX info: "xparse/define-command"
. 
. Defining command \aliasfontfeature with sig. 'mm' on line 614.
.................................................
.................................................
. LaTeX info: "xparse/define-command"
. 
. Defining command \aliasfontfeatureoption with sig. 'mmm' on line 618.
.................................................
.................................................
. LaTeX info: "xparse/define-command"
. 
. Defining command \newfontscript with sig. 'mm' on line 622.
.................................................
.................................................
. LaTeX info: "xparse/define-command"
. 
. Defining command \newfontlanguage with sig. 'mm' on line 626.
.................................................
.................................................
. LaTeX info: "xparse/define-command"
. 
. Defining command \DeclareFontsExtensions with sig. 'm' on line 630.
.................................................
.................................................
. LaTeX info: "xparse/define-command"
. 
. Defining command \IfFontFeatureActiveTF with sig. 'mmm' on line 634.
.................................................
.................................................
. LaTeX info: "xparse/define-command"
. 
. Defining command \EncodingCommand with sig. 'mO{}m' on line 3632.
.................................................
.................................................
. LaTeX info: "xparse/define-command"
. 
. Defining command \EncodingAccent with sig. 'mm' on line 3638.
.................................................
.................................................
. LaTeX info: "xparse/define-command"
. 
. Defining command \EncodingSymbol with sig. 'mm' on line 3644.
.................................................
.................................................
. LaTeX info: "xparse/define-command"
. 
. Defining command \EncodingComposite with sig. 'mmm' on line 3650.
.................................................
.................................................
. LaTeX info: "xparse/define-command"
. 
. Defining command \EncodingCompositeCommand with sig. 'mmm' on line 3656.
.................................................
.................................................
. LaTeX info: "xparse/define-command"
. 
. Defining command \DeclareUnicodeEncoding with sig. 'mm' on line 3681.
.................................................
.................................................
. LaTeX info: "xparse/define-command"
. 
. Defining command \UndeclareSymbol with sig. 'm' on line 3687.
.................................................
.................................................
. LaTeX info: "xparse/define-command"
. 
. Defining command \UndeclareAccent with sig. 'm' on line 3693.
.................................................
.................................................
. LaTeX info: "xparse/define-command"
. 
. Defining command \UndeclareCommand with sig. 'm' on line 3699.
.................................................
.................................................
. LaTeX info: "xparse/define-command"
. 
. Defining command \UndeclareComposite with sig. 'mm' on line 3706.
.................................................
(/usr/share/texlive/texmf-dist/tex/latex/fontspec/fontspec.cfg)
LaTeX Info: Redefining \itshape on input line 3891.
LaTeX Info: Redefining \slshape on input line 3896.
LaTeX Info: Redefining \scshape on input line 3901.
LaTeX Info: Redefining \upshape on input line 3906.
LaTeX Info: Redefining \em on input line 3936.
LaTeX Info: Redefining \emph on input line 3961.
LaTeX Info: Redefining \- on input line 4015.
.................................................
. LaTeX info: "xparse/redefine-command"
. 
. Redefining command \oldstylenums with sig. 'm' on line 4110.
.................................................
.................................................
. LaTeX info: "xparse/define-command"
. 
. Defining command \liningnums with sig. 'm' on line 4114.
.................................................
)) (/usr/share/texlive/texmf-dist/tex/latex/filehook/filehook.sty
Package: filehook 2011/10/12 v0.5d Hooks for input files
) (/usr/share/texlive/texmf-dist/tex/latex/base/fix-cm.sty
Package: fix-cm 2015/01/14 v1.1t fixes to LaTeX
(/usr/share/texlive/texmf-dist/tex/latex/base/ts1enc.def
File: ts1enc.def 2001/06/05 v3.0e (jk/car/fm) Standard LaTeX file
))
\g__um_fam_int=\count192
\g__um_fonts_used_int=\count193
\l__um_primecount_int=\count194
\g__um_primekern_muskip=\muskip17
.................................................
. LaTeX info: "xparse/define-command"
. 
. Defining command \unimathsetup with sig. 'm' on line 269.
.................................................
.................................................
. LaTeX info: "xparse/define-command"
. 
. Defining command \setmathfont with sig. 'O{}mO{}' on line 273.
.................................................
.................................................
. LaTeX info: "xparse/define-command"
. 
. Defining command \setmathfontface with sig. 'mO{}mO{}' on line 277.
.................................................
.................................................
. LaTeX info: "xparse/define-command"
. 
. Defining command \setoperatorfont with sig. 'm' on line 282.
.................................................
.................................................
. LaTeX info: "xparse/define-command"
. 
. Defining command \addnolimits with sig. 'm' on line 287.
.................................................
.................................................
. LaTeX info: "xparse/define-command"
. 
. Defining command \removenolimits with sig. 'm' on line 291.
.................................................
(/usr/share/texlive/texmf-dist/tex/latex/unicode-math/unicode-math-table.tex)
.................................................
. unicode-math info: "patch-macro"
. 
. I'm going to patch macro \subarray.
.................................................
.................................................
. unicode-math info: "patch-macro"
. 
. I'm going to patch macro \r@@t.
.................................................
.................................................
. LaTeX info: "xparse/redefine-command"
. 
. Redefining command \not with sig. 'm' on line 3835.
.................................................
.................................................
. LaTeX info: "xparse/define-command"
. 
. Defining command \NewNegationCommand with sig. 'mm' on line 3839.
.................................................
.................................................
. LaTeX info: "xparse/define-command"
. 
. Defining command \RenewNegationCommand with sig. 'mm' on line 3843.
.................................................
)) (/usr/share/texlive/texmf-dist/tex/latex/upquote/upquote.sty
Package: upquote 2012/04/19 v1.3 upright-quote and grave-accent glyphs in verba
tim
(/usr/share/texlive/texmf-dist/tex/latex/base/textcomp.sty
Package: textcomp 2017/04/05 v2.0i Standard LaTeX package
Package textcomp Info: Sub-encoding information:
(textcomp)               5 = only ISO-Adobe without \textcurrency
(textcomp)               4 = 5 + \texteuro
(textcomp)               3 = 4 + \textohm
(textcomp)               2 = 3 + \textestimated + \textcurrency
(textcomp)               1 = TS1 - \textcircled - \t
(textcomp)               0 = TS1 (full)
(textcomp)             Font families with sub-encoding setting implement
(textcomp)             only a restricted character set as indicated.
(textcomp)             Family '?' is the default used for unknown fonts.
(textcomp)             See the documentation for details.
Package textcomp Info: Setting ? sub-encoding to TS1/1 on input line 79.
(/usr/share/texlive/texmf-dist/tex/latex/base/ts1enc.def
File: ts1enc.def 2001/06/05 v3.0e (jk/car/fm) Standard LaTeX file
LaTeX Font Info:    Redeclaring font encoding TS1 on input line 47.
)
LaTeX Info: Redefining \oldstylenums on input line 334.
Package textcomp Info: Setting cmr sub-encoding to TS1/0 on input line 349.
Package textcomp Info: Setting cmss sub-encoding to TS1/0 on input line 350.
Package textcomp Info: Setting cmtt sub-encoding to TS1/0 on input line 351.
Package textcomp Info: Setting cmvtt sub-encoding to TS1/0 on input line 352.
Package textcomp Info: Setting cmbr sub-encoding to TS1/0 on input line 353.
Package textcomp Info: Setting cmtl sub-encoding to TS1/0 on input line 354.
Package textcomp Info: Setting ccr sub-encoding to TS1/0 on input line 355.
Package textcomp Info: Setting ptm sub-encoding to TS1/4 on input line 356.
Package textcomp Info: Setting pcr sub-encoding to TS1/4 on input line 357.
Package textcomp Info: Setting phv sub-encoding to TS1/4 on input line 358.
Package textcomp Info: Setting ppl sub-encoding to TS1/3 on input line 359.
Package textcomp Info: Setting pag sub-encoding to TS1/4 on input line 360.
Package textcomp Info: Setting pbk sub-encoding to TS1/4 on input line 361.
Package textcomp Info: Setting pnc sub-encoding to TS1/4 on input line 362.
Package textcomp Info: Setting pzc sub-encoding to TS1/4 on input line 363.
Package textcomp Info: Setting bch sub-encoding to TS1/4 on input line 364.
Package textcomp Info: Setting put sub-encoding to TS1/5 on input line 365.
Package textcomp Info: Setting uag sub-encoding to TS1/5 on input line 366.
Package textcomp Info: Setting ugq sub-encoding to TS1/5 on input line 367.
Package textcomp Info: Setting ul8 sub-encoding to TS1/4 on input line 368.
Package textcomp Info: Setting ul9 sub-encoding to TS1/4 on input line 369.
Package textcomp Info: Setting augie sub-encoding to TS1/5 on input line 370.
Package textcomp Info: Setting dayrom sub-encoding to TS1/3 on input line 371.
Package textcomp Info: Setting dayroms sub-encoding to TS1/3 on input line 372.

Package textcomp Info: Setting pxr sub-encoding to TS1/0 on input line 373.
Package textcomp Info: Setting pxss sub-encoding to TS1/0 on input line 374.
Package textcomp Info: Setting pxtt sub-encoding to TS1/0 on input line 375.
Package textcomp Info: Setting txr sub-encoding to TS1/0 on input line 376.
Package textcomp Info: Setting txss sub-encoding to TS1/0 on input line 377.
Package textcomp Info: Setting txtt sub-encoding to TS1/0 on input line 378.
Package textcomp Info: Setting lmr sub-encoding to TS1/0 on input line 379.
Package textcomp Info: Setting lmdh sub-encoding to TS1/0 on input line 380.
Package textcomp Info: Setting lmss sub-encoding to TS1/0 on input line 381.
Package textcomp Info: Setting lmssq sub-encoding to TS1/0 on input line 382.
Package textcomp Info: Setting lmvtt sub-encoding to TS1/0 on input line 383.
Package textcomp Info: Setting lmtt sub-encoding to TS1/0 on input line 384.
Package textcomp Info: Setting qhv sub-encoding to TS1/0 on input line 385.
Package textcomp Info: Setting qag sub-encoding to TS1/0 on input line 386.
Package textcomp Info: Setting qbk sub-encoding to TS1/0 on input line 387.
Package textcomp Info: Setting qcr sub-encoding to TS1/0 on input line 388.
Package textcomp Info: Setting qcs sub-encoding to TS1/0 on input line 389.
Package textcomp Info: Setting qpl sub-encoding to TS1/0 on input line 390.
Package textcomp Info: Setting qtm sub-encoding to TS1/0 on input line 391.
Package textcomp Info: Setting qzc sub-encoding to TS1/0 on input line 392.
Package textcomp Info: Setting qhvc sub-encoding to TS1/0 on input line 393.
Package textcomp Info: Setting futs sub-encoding to TS1/4 on input line 394.
Package textcomp Info: Setting futx sub-encoding to TS1/4 on input line 395.
Package textcomp Info: Setting futj sub-encoding to TS1/4 on input line 396.
Package textcomp Info: Setting hlh sub-encoding to TS1/3 on input line 397.
Package textcomp Info: Setting hls sub-encoding to TS1/3 on input line 398.
Package textcomp Info: Setting hlst sub-encoding to TS1/3 on input line 399.
Package textcomp Info: Setting hlct sub-encoding to TS1/5 on input line 400.
Package textcomp Info: Setting hlx sub-encoding to TS1/5 on input line 401.
Package textcomp Info: Setting hlce sub-encoding to TS1/5 on input line 402.
Package textcomp Info: Setting hlcn sub-encoding to TS1/5 on input line 403.
Package textcomp Info: Setting hlcw sub-encoding to TS1/5 on input line 404.
Package textcomp Info: Setting hlcf sub-encoding to TS1/5 on input line 405.
Package textcomp Info: Setting pplx sub-encoding to TS1/3 on input line 406.
Package textcomp Info: Setting pplj sub-encoding to TS1/3 on input line 407.
Package textcomp Info: Setting ptmx sub-encoding to TS1/4 on input line 408.
Package textcomp Info: Setting ptmj sub-encoding to TS1/4 on input line 409.
)) (/usr/share/texlive/texmf-dist/tex/latex/microtype/microtype.sty
Package: microtype 2018/01/14 v2.7a Micro-typographical refinements (RS)
(/usr/share/texlive/texmf-dist/tex/latex/graphics/keyval.sty
Package: keyval 2014/10/28 v1.15 key=value parser (DPC)
\KV@toks@=\toks20
)
\MT@toks=\toks21
\MT@count=\count195
LaTeX Info: Redefining \textls on input line 793.
\MT@outer@kern=\dimen146
LaTeX Info: Redefining \textmicrotypecontext on input line 1339.
\MT@listname@count=\count196
(/usr/share/texlive/texmf-dist/tex/latex/microtype/microtype-xetex.def
File: microtype-xetex.def 2018/01/14 v2.7a Definitions specific to xetex (RS)
LaTeX Info: Redefining \lsstyle on input line 256.
)
Package microtype Info: Loading configuration file microtype.cfg.
(/usr/share/texlive/texmf-dist/tex/latex/microtype/microtype.cfg
File: microtype.cfg 2018/01/14 v2.7a microtype main configuration file (RS)
)) (/usr/share/texlive/texmf-dist/tex/latex/parskip/parskip.sty
Package: parskip 2001/04/09 non-zero parskip adjustments
) (/usr/share/texlive/texmf-dist/tex/latex/hyperref/hyperref.sty
Package: hyperref 2018/02/06 v6.86b Hypertext links for LaTeX
(/usr/share/texlive/texmf-dist/tex/generic/oberdiek/hobsub-hyperref.sty
Package: hobsub-hyperref 2016/05/16 v1.14 Bundle oberdiek, subset hyperref (HO)

(/usr/share/texlive/texmf-dist/tex/generic/oberdiek/hobsub-generic.sty
Package: hobsub-generic 2016/05/16 v1.14 Bundle oberdiek, subset generic (HO)
Package: hobsub 2016/05/16 v1.14 Construct package bundles (HO)
Package: infwarerr 2016/05/16 v1.4 Providing info/warning/error messages (HO)
Package: ltxcmds 2016/05/16 v1.23 LaTeX kernel commands for general use (HO)
Package hobsub Info: Skipping package `ifluatex' (already loaded).
Package: ifvtex 2016/05/16 v1.6 Detect VTeX and its facilities (HO)
Package ifvtex Info: VTeX not detected.
Package: intcalc 2016/05/16 v1.2 Expandable calculations with integers (HO)
Package: ifpdf 2017/03/15 v3.2 Provides the ifpdf switch
Package: etexcmds 2016/05/16 v1.6 Avoid name clashes with e-TeX commands (HO)
Package etexcmds Info: Could not find \expanded.
(etexcmds)             That can mean that you are not using pdfTeX 1.50 or
(etexcmds)             that some package has redefined \expanded.
(etexcmds)             In the latter case, load this package earlier.
Package: kvsetkeys 2016/05/16 v1.17 Key value parser (HO)
Package: kvdefinekeys 2016/05/16 v1.4 Define keys (HO)
Package: pdftexcmds 2018/01/21 v0.26 Utility functions of pdfTeX for LuaTeX (HO
)
Package pdftexcmds Info: LuaTeX not detected.
Package pdftexcmds Info: pdfTeX >= 1.30 not detected.
Package pdftexcmds Info: \pdf@primitive is available.
Package pdftexcmds Info: \pdf@ifprimitive is available.
Package pdftexcmds Info: \pdfdraftmode not found.
Package: pdfescape 2016/05/16 v1.14 Implements pdfTeX's escape features (HO)
Package: bigintcalc 2016/05/16 v1.4 Expandable calculations on big integers (HO
)
Package: bitset 2016/05/16 v1.2 Handle bit-vector datatype (HO)
Package: uniquecounter 2016/05/16 v1.3 Provide unlimited unique counter (HO)
)
Package hobsub Info: Skipping package `hobsub' (already loaded).
Package: letltxmacro 2016/05/16 v1.5 Let assignment for LaTeX macros (HO)
Package: hopatch 2016/05/16 v1.3 Wrapper for package hooks (HO)
Package: xcolor-patch 2016/05/16 xcolor patch
Package: atveryend 2016/05/16 v1.9 Hooks at the very end of document (HO)
Package atveryend Info: \enddocument detected (standard20110627).
Package: atbegshi 2016/06/09 v1.18 At begin shipout hook (HO)
Package: refcount 2016/05/16 v3.5 Data extraction from label references (HO)
Package: hycolor 2016/05/16 v1.8 Color options for hyperref/bookmark (HO)
) (/usr/share/texlive/texmf-dist/tex/latex/oberdiek/auxhook.sty
Package: auxhook 2016/05/16 v1.4 Hooks for auxiliary files (HO)
) (/usr/share/texlive/texmf-dist/tex/latex/oberdiek/kvoptions.sty
Package: kvoptions 2016/05/16 v3.12 Key value format for package options (HO)
)
\@linkdim=\dimen147
\Hy@linkcounter=\count197
\Hy@pagecounter=\count198
(/usr/share/texlive/texmf-dist/tex/latex/hyperref/pd1enc.def
File: pd1enc.def 2018/02/06 v6.86b Hyperref: PDFDocEncoding definition (HO)
)
\Hy@SavedSpaceFactor=\count199
(/usr/share/texlive/texmf-dist/tex/latex/latexconfig/hyperref.cfg
File: hyperref.cfg 2002/06/06 v1.2 hyperref configuration of TeXLive
)
Package hyperref Info: Option `unicode' set `true' on input line 4383.
(/usr/share/texlive/texmf-dist/tex/latex/hyperref/puenc.def
File: puenc.def 2018/02/06 v6.86b Hyperref: PDF Unicode definition (HO)
)
Package hyperref Info: Hyper figures OFF on input line 4509.
Package hyperref Info: Link nesting OFF on input line 4514.
Package hyperref Info: Hyper index ON on input line 4517.
Package hyperref Info: Plain pages OFF on input line 4524.
Package hyperref Info: Backreferencing OFF on input line 4529.
Package hyperref Info: Implicit mode ON; LaTeX internals redefined.
Package hyperref Info: Bookmarks ON on input line 4762.
\c@Hy@tempcnt=\count266
(/usr/share/texlive/texmf-dist/tex/latex/url/url.sty
\Urlmuskip=\muskip18
Package: url 2013/09/16  ver 3.4  Verb mode for urls, etc.
)
LaTeX Info: Redefining \url on input line 5115.
\XeTeXLinkMargin=\dimen148
\Fld@menulength=\count267
\Field@Width=\dimen149
\Fld@charsize=\dimen150
Package hyperref Info: Hyper figures OFF on input line 6369.
Package hyperref Info: Link nesting OFF on input line 6374.
Package hyperref Info: Hyper index ON on input line 6377.
Package hyperref Info: backreferencing OFF on input line 6384.
Package hyperref Info: Link coloring OFF on input line 6389.
Package hyperref Info: Link coloring with OCG OFF on input line 6394.
Package hyperref Info: PDF/A mode OFF on input line 6399.
LaTeX Info: Redefining \ref on input line 6439.
LaTeX Info: Redefining \pageref on input line 6443.
\Hy@abspage=\count268
\c@Item=\count269
\c@Hfootnote=\count270
)
Package hyperref Info: Driver (autodetected): hxetex.
(/usr/share/texlive/texmf-dist/tex/latex/hyperref/hxetex.def
File: hxetex.def 2018/02/06 v6.86b Hyperref driver for XeTeX
(/usr/share/texlive/texmf-dist/tex/generic/oberdiek/stringenc.sty
Package: stringenc 2016/05/16 v1.11 Convert strings between diff. encodings (HO
)
)
\pdfm@box=\box44
\c@Hy@AnnotLevel=\count271
\HyField@AnnotCount=\count272
\Fld@listcount=\count273
\c@bookmark@seq@number=\count274
(/usr/share/texlive/texmf-dist/tex/latex/oberdiek/rerunfilecheck.sty
Package: rerunfilecheck 2016/05/16 v1.8 Rerun checks for auxiliary files (HO)
Package rerunfilecheck Info: Feature \pdfmdfivesum is not available
(rerunfilecheck)             (e.g. pdfTeX or LuaTeX with package `pdftexcmds').

(rerunfilecheck)             Therefore file contents cannot be checked efficien
tly
(rerunfilecheck)             and the loading of the package is aborted.
)
\Hy@SectionHShift=\skip52
)
Package hyperref Info: Option `breaklinks' set `true' on input line 35.
(/usr/share/texlive/texmf-dist/tex/latex/graphics/color.sty
Package: color 2016/07/10 v1.1e Standard LaTeX Color (DPC)
(/usr/share/texlive/texmf-dist/tex/latex/graphics-cfg/color.cfg
File: color.cfg 2016/01/02 v1.6 sample color configuration
)
Package color Info: Driver file: xetex.def on input line 147.
(/usr/share/texlive/texmf-dist/tex/latex/graphics-def/xetex.def
File: xetex.def 2017/06/24 v5.0h Graphics/color driver for xetex
)) (/usr/share/texlive/texmf-dist/tex/latex/fancyvrb/fancyvrb.sty
Package: fancyvrb 2008/02/07

Style option: `fancyvrb' v2.7a, with DG/SPQR fixes, and firstline=lastline fix 
<2008/02/07> (tvz)
\FV@CodeLineNo=\count275
\FV@InFile=\read2
\FV@TabBox=\box45
\c@FancyVerbLine=\count276
\FV@StepNumber=\count277
\FV@OutFile=\write3
) (/usr/share/texlive/texmf-dist/tex/latex/framed/framed.sty
Package: framed 2011/10/22 v 0.96: framed or shaded text with page breaks
\OuterFrameSep=\skip53
\fb@frw=\dimen151
\fb@frh=\dimen152
\FrameRule=\dimen153
\FrameSep=\dimen154
) (/usr/share/texlive/texmf-dist/tex/latex/tools/longtable.sty
Package: longtable 2014/10/28 v4.11 Multi-page Table package (DPC)
\LTleft=\skip54
\LTright=\skip55
\LTpre=\skip56
\LTpost=\skip57
\LTchunksize=\count278
\LTcapwidth=\dimen155
\LT@head=\box46
\LT@firsthead=\box47
\LT@foot=\box48
\LT@lastfoot=\box49
\LT@cols=\count279
\LT@rows=\count280
\c@LT@tables=\count281
\c@LT@chunks=\count282
\LT@p@ftn=\toks22
) (/usr/share/texlive/texmf-dist/tex/latex/booktabs/booktabs.sty
Package: booktabs 2016/04/27 v1.618033 publication quality tables
\heavyrulewidth=\dimen156
\lightrulewidth=\dimen157
\cmidrulewidth=\dimen158
\belowrulesep=\dimen159
\belowbottomsep=\dimen160
\aboverulesep=\dimen161
\abovetopsep=\dimen162
\cmidrulesep=\dimen163
\cmidrulekern=\dimen164
\defaultaddspace=\dimen165
\@cmidla=\count283
\@cmidlb=\count284
\@aboverulesep=\dimen166
\@belowrulesep=\dimen167
\@thisruleclass=\count285
\@lastruleclass=\count286
\@thisrulewidth=\dimen168
) (/usr/share/texlive/texmf-dist/tex/latex/mdwtools/footnote.sty
Package: footnote 1997/01/28 1.13 Save footnotes around boxes
\fn@notes=\box50
\fn@width=\dimen169
) (/usr/share/texlive/texmf-dist/tex/latex/graphics/graphicx.sty
Package: graphicx 2017/06/01 v1.1a Enhanced LaTeX Graphics (DPC,SPQR)
(/usr/share/texlive/texmf-dist/tex/latex/graphics/graphics.sty
Package: graphics 2017/06/25 v1.2c Standard LaTeX Graphics (DPC,SPQR)
(/usr/share/texlive/texmf-dist/tex/latex/graphics/trig.sty
Package: trig 2016/01/03 v1.10 sin cos tan (DPC)
) (/usr/share/texlive/texmf-dist/tex/latex/graphics-cfg/graphics.cfg
File: graphics.cfg 2016/06/04 v1.11 sample graphics configuration
)
Package graphics Info: Driver file: xetex.def on input line 99.
)
\Gin@req@height=\dimen170
\Gin@req@width=\dimen171
) (/usr/share/texlive/texmf-dist/tex/latex/oberdiek/grffile.sty
Package: grffile 2017/06/30 v1.18 Extended file name support for graphics (HO)
Package grffile Info: Option `multidot' is set to `true'.
Package grffile Info: Option `extendedchars' is set to `false'.
Package grffile Info: Option `space' is set to `true'.
Package grffile Info: \Gin@ii of package `graphicx' fixed on input line 494.
) (/usr/share/texlive/texmf-dist/tex/latex/amscls/amsthm.sty
Package: amsthm 2017/10/31 v2.20.4
\thm@style=\toks23
\thm@bodyfont=\toks24
\thm@headfont=\toks25
\thm@notefont=\toks26
\thm@headpunct=\toks27
\thm@preskip=\skip58
\thm@postskip=\skip59
\thm@headsep=\skip60
\dth@everypar=\toks28
) (/usr/share/texlive/texmf-dist/tex/latex/natbib/natbib.sty
Package: natbib 2010/09/13 8.31b (PWD, AO)
\bibhang=\skip61
\bibsep=\skip62
LaTeX Info: Redefining \cite on input line 694.
\c@NAT@ctr=\count287
) (./bookdown-demo.aux)
\openout1 = `bookdown-demo.aux'.

LaTeX Font Info:    Checking defaults for OML/cmm/m/it on input line 123.
LaTeX Font Info:    ... okay on input line 123.
LaTeX Font Info:    Checking defaults for T1/cmr/m/n on input line 123.
LaTeX Font Info:    ... okay on input line 123.
LaTeX Font Info:    Checking defaults for OT1/cmr/m/n on input line 123.
LaTeX Font Info:    ... okay on input line 123.
LaTeX Font Info:    Checking defaults for OMS/cmsy/m/n on input line 123.
LaTeX Font Info:    ... okay on input line 123.
LaTeX Font Info:    Checking defaults for TU/lmr/m/n on input line 123.
LaTeX Font Info:    ... okay on input line 123.
LaTeX Font Info:    Checking defaults for OMX/cmex/m/n on input line 123.
LaTeX Font Info:    ... okay on input line 123.
LaTeX Font Info:    Checking defaults for U/cmr/m/n on input line 123.
LaTeX Font Info:    ... okay on input line 123.
LaTeX Font Info:    Checking defaults for TS1/cmr/m/n on input line 123.
LaTeX Font Info:    ... okay on input line 123.
LaTeX Font Info:    Checking defaults for PD1/pdf/m/n on input line 123.
LaTeX Font Info:    ... okay on input line 123.
LaTeX Font Info:    Checking defaults for PU/pdf/m/n on input line 123.
LaTeX Font Info:    ... okay on input line 123.
LaTeX Font Info:    Overwriting math alphabet `\mathrm' in version `normal'
(Font)                  OT1/lmr/m/n --> TU/lmr/m/n on input line 123.
LaTeX Font Info:    Overwriting math alphabet `\mathit' in version `normal'
(Font)                  OT1/lmr/m/it --> TU/lmr/m/it on input line 123.
LaTeX Font Info:    Overwriting math alphabet `\mathbf' in version `normal'
(Font)                  OT1/lmr/bx/n --> TU/lmr/bx/n on input line 123.
LaTeX Font Info:    Overwriting math alphabet `\mathsf' in version `normal'
(Font)                  OT1/lmss/m/n --> TU/lmss/m/n on input line 123.
LaTeX Font Info:    Overwriting math alphabet `\mathsf' in version `bold'
(Font)                  OT1/lmss/bx/n --> TU/lmss/bx/n on input line 123.
LaTeX Font Info:    Overwriting math alphabet `\mathtt' in version `normal'
(Font)                  OT1/lmtt/m/n --> TU/lmtt/m/n on input line 123.
LaTeX Font Info:    Overwriting math alphabet `\mathtt' in version `bold'
(Font)                  OT1/lmtt/m/n --> TU/lmtt/bx/n on input line 123.
.................................................
. fontspec info: "set-scale"
. 
. latinmodern-math scale = 1.
.................................................
\g__fontspec_family_latinmodern-math.otf_int=\count288
.................................................
. fontspec info: "set-scale"
. 
. latinmodern-math scale = 1.
.................................................
.................................................
. fontspec info: "set-scale"
. 
. latinmodern-math scale = 1.
.................................................
.................................................
. fontspec info: "defining-font"
. 
. Font family 'latinmodern-math.otf(0)' created for font
. 'latinmodern-math.otf' with options
. [Ligatures=TeX,Scale=MatchLowercase,BoldItalicFont={},ItalicFont={},Script=Ma
th,BoldFont={latinmodern-math.otf}].
.  
.  This font family consists of the following NFSS series/shapes:
.  
. - 'normal' (m/n) with NFSS spec.:
. <->s*[1]"[latinmodern-math.otf]/OT:script=math;language=DFLT;mapping=tex-text
;"
. - 'small caps'  (m/sc) with NFSS spec.: 
. - 'bold' (bx/n) with NFSS spec.:
. <->s*[1]"[latinmodern-math.otf]/OT:script=math;language=DFLT;mapping=tex-text
;"
. - 'bold small caps'  (bx/sc) with NFSS spec.: 
.................................................
LaTeX Font Info:    Font shape `TU/latinmodern-math.otf(0)/m/n' will be
(Font)              scaled to size 10.0pt on input line 123.
.................................................
. fontspec info: "set-scale"
. 
. latinmodern-math scale = 1.
.................................................
.................................................
. fontspec info: "set-scale"
. 
. latinmodern-math scale = 1.
.................................................
.................................................
. fontspec info: "set-scale"
. 
. latinmodern-math scale = 1.
.................................................
.................................................
. fontspec info: "set-scale"
. 
. latinmodern-math scale = 1.
.................................................
.................................................
. fontspec info: "set-scale"
. 
. latinmodern-math scale = 1.
.................................................
.................................................
. fontspec info: "defining-font"
. 
. Font family 'latinmodern-math.otf(1)' created for font
. 'latinmodern-math.otf' with options
. [Ligatures=TeX,Scale=MatchLowercase,BoldItalicFont={},ItalicFont={},Script=Ma
th,SizeFeatures={{Size=8.5-},{Size=6-8.5,Font=latinmodern-math.otf,Style=MathSc
ript},{Size=-6,Font=latinmodern-math.otf,Style=MathScriptScript}},BoldFont={lat
inmodern-math.otf}].
.  
.  This font family consists of the following NFSS series/shapes:
.  
. - 'normal' (m/n) with NFSS spec.:
. <8.5->s*[1]"[latinmodern-math.otf]/OT:script=math;language=DFLT;mapping=tex-t
ext;"<6-8.5>s*[1]"[latinmodern-math.otf]/OT:script=math;language=DFLT;+ssty=0;m
apping=tex-text;"<-6>s*[1]"[latinmodern-math.otf]/OT:script=math;language=DFLT;
+ssty=1;mapping=tex-text;"
. - 'small caps'  (m/sc) with NFSS spec.: 
. - 'bold' (bx/n) with NFSS spec.:
. <->s*[1]"[latinmodern-math.otf]/OT:script=math;language=DFLT;mapping=tex-text
;"
. - 'bold small caps'  (bx/sc) with NFSS spec.: 
.................................................
LaTeX Font Info:    Font shape `TU/latinmodern-math.otf(1)/m/n' will be
(Font)              scaled to size 10.0pt on input line 123.
LaTeX Font Info:    Encoding `OT1' has changed to `TU' for symbol font
(Font)              `operators' in the math version `normal' on input line 123.

LaTeX Font Info:    Overwriting symbol font `operators' in version `normal'
(Font)                  OT1/lmr/m/n --> TU/latinmodern-math.otf(1)/m/n on input
 line 123.
LaTeX Font Info:    Encoding `OT1' has changed to `TU' for symbol font
(Font)              `operators' in the math version `bold' on input line 123.
LaTeX Font Info:    Overwriting symbol font `operators' in version `bold'
(Font)                  OT1/lmr/bx/n --> TU/latinmodern-math.otf(1)/bx/n on inp
ut line 123.
.................................................
. fontspec info: "set-scale"
. 
. latinmodern-math scale = 1.
.................................................
.................................................
. fontspec info: "set-scale"
. 
. latinmodern-math scale = 1.
.................................................
.................................................
. fontspec info: "set-scale"
. 
. latinmodern-math scale = 1.
.................................................
.................................................
. fontspec info: "set-scale"
. 
. latinmodern-math scale = 1.
.................................................
.................................................
. fontspec info: "set-scale"
. 
. latinmodern-math scale = 1.
.................................................
.................................................
. fontspec info: "defining-font"
. 
. Font family 'latinmodern-math.otf(2)' created for font
. 'latinmodern-math.otf' with options
. [Ligatures=TeX,Scale=MatchLowercase,BoldItalicFont={},ItalicFont={},Script=Ma
th,SizeFeatures={{Size=8.5-},{Size=6-8.5,Font=latinmodern-math.otf,Style=MathSc
ript},{Size=-6,Font=latinmodern-math.otf,Style=MathScriptScript}},BoldFont={lat
inmodern-math.otf},Scale=1.00001,FontAdjustment={\fontdimen
. 8\font =6.77pt\relax \fontdimen 9\font =3.94pt\relax \fontdimen 10\font
. =4.44pt\relax \fontdimen 11\font =6.86pt\relax \fontdimen 12\font
. =3.45pt\relax \fontdimen 13\font =3.63pt\relax \fontdimen 14\font
. =3.63pt\relax \fontdimen 15\font =2.89pt\relax \fontdimen 16\font
. =2.47pt\relax \fontdimen 17\font =2.47pt\relax \fontdimen 18\font
. =2.5pt\relax \fontdimen 19\font =2.0pt\relax \fontdimen 22\font =2.5pt\relax
. \fontdimen 20\font =0pt\relax \fontdimen 21\font =0pt\relax }].
.  
.  This font family consists of the following NFSS series/shapes:
.  
. - 'normal' (m/n) with NFSS spec.:
. <8.5->s*[1.00001]"[latinmodern-math.otf]/OT:script=math;language=DFLT;mapping
=tex-text;"<6-8.5>s*[1.00001]"[latinmodern-math.otf]/OT:script=math;language=DF
LT;+ssty=0;mapping=tex-text;"<-6>s*[1.00001]"[latinmodern-math.otf]/OT:script=m
ath;language=DFLT;+ssty=1;mapping=tex-text;"
. - 'small caps'  (m/sc) with NFSS spec.: 
. and font adjustment code:
. \fontdimen 8\font =6.77pt\relax \fontdimen 9\font =3.94pt\relax \fontdimen
. 10\font =4.44pt\relax \fontdimen 11\font =6.86pt\relax \fontdimen 12\font
. =3.45pt\relax \fontdimen 13\font =3.63pt\relax \fontdimen 14\font
. =3.63pt\relax \fontdimen 15\font =2.89pt\relax \fontdimen 16\font
. =2.47pt\relax \fontdimen 17\font =2.47pt\relax \fontdimen 18\font
. =2.5pt\relax \fontdimen 19\font =2.0pt\relax \fontdimen 22\font =2.5pt\relax
. \fontdimen 20\font =0pt\relax \fontdimen 21\font =0pt\relax 
. - 'bold' (bx/n) with NFSS spec.:
. <->s*[1.00001]"[latinmodern-math.otf]/OT:script=math;language=DFLT;mapping=te
x-text;"
. - 'bold small caps'  (bx/sc) with NFSS spec.: 
. and font adjustment code:
. \fontdimen 8\font =6.77pt\relax \fontdimen 9\font =3.94pt\relax \fontdimen
. 10\font =4.44pt\relax \fontdimen 11\font =6.86pt\relax \fontdimen 12\font
. =3.45pt\relax \fontdimen 13\font =3.63pt\relax \fontdimen 14\font
. =3.63pt\relax \fontdimen 15\font =2.89pt\relax \fontdimen 16\font
. =2.47pt\relax \fontdimen 17\font =2.47pt\relax \fontdimen 18\font
. =2.5pt\relax \fontdimen 19\font =2.0pt\relax \fontdimen 22\font =2.5pt\relax
. \fontdimen 20\font =0pt\relax \fontdimen 21\font =0pt\relax 
.................................................
LaTeX Font Info:    Encoding `OMS' has changed to `TU' for symbol font
(Font)              `symbols' in the math version `normal' on input line 123.
LaTeX Font Info:    Overwriting symbol font `symbols' in version `normal'
(Font)                  OMS/lmsy/m/n --> TU/latinmodern-math.otf(2)/m/n on inpu
t line 123.
LaTeX Font Info:    Encoding `OMS' has changed to `TU' for symbol font
(Font)              `symbols' in the math version `bold' on input line 123.
LaTeX Font Info:    Overwriting symbol font `symbols' in version `bold'
(Font)                  OMS/lmsy/b/n --> TU/latinmodern-math.otf(2)/bx/n on inp
ut line 123.
.................................................
. fontspec info: "set-scale"
. 
. latinmodern-math scale = 1.
.................................................
.................................................
. fontspec info: "set-scale"
. 
. latinmodern-math scale = 1.
.................................................
.................................................
. fontspec info: "set-scale"
. 
. latinmodern-math scale = 1.
.................................................
.................................................
. fontspec info: "set-scale"
. 
. latinmodern-math scale = 1.
.................................................
.................................................
. fontspec info: "set-scale"
. 
. latinmodern-math scale = 1.
.................................................
.................................................
. fontspec info: "defining-font"
. 
. Font family 'latinmodern-math.otf(3)' created for font
. 'latinmodern-math.otf' with options
. [Ligatures=TeX,Scale=MatchLowercase,BoldItalicFont={},ItalicFont={},Script=Ma
th,SizeFeatures={{Size=8.5-},{Size=6-8.5,Font=latinmodern-math.otf,Style=MathSc
ript},{Size=-6,Font=latinmodern-math.otf,Style=MathScriptScript}},BoldFont={lat
inmodern-math.otf},Scale=0.99999,FontAdjustment={\fontdimen
. 8\font =0.4pt\relax \fontdimen 9\font =2.0pt\relax \fontdimen 10\font
. =1.67pt\relax \fontdimen 11\font =1.11pt\relax \fontdimen 12\font
. =6.0pt\relax \fontdimen 13\font =0pt\relax }].
.  
.  This font family consists of the following NFSS series/shapes:
.  
. - 'normal' (m/n) with NFSS spec.:
. <8.5->s*[0.99999]"[latinmodern-math.otf]/OT:script=math;language=DFLT;mapping
=tex-text;"<6-8.5>s*[0.99999]"[latinmodern-math.otf]/OT:script=math;language=DF
LT;+ssty=0;mapping=tex-text;"<-6>s*[0.99999]"[latinmodern-math.otf]/OT:script=m
ath;language=DFLT;+ssty=1;mapping=tex-text;"
. - 'small caps'  (m/sc) with NFSS spec.: 
. and font adjustment code:
. \fontdimen 8\font =0.4pt\relax \fontdimen 9\font =2.0pt\relax \fontdimen
. 10\font =1.67pt\relax \fontdimen 11\font =1.11pt\relax \fontdimen 12\font
. =6.0pt\relax \fontdimen 13\font =0pt\relax 
. - 'bold' (bx/n) with NFSS spec.:
. <->s*[0.99999]"[latinmodern-math.otf]/OT:script=math;language=DFLT;mapping=te
x-text;"
. - 'bold small caps'  (bx/sc) with NFSS spec.: 
. and font adjustment code:
. \fontdimen 8\font =0.4pt\relax \fontdimen 9\font =2.0pt\relax \fontdimen
. 10\font =1.67pt\relax \fontdimen 11\font =1.11pt\relax \fontdimen 12\font
. =6.0pt\relax \fontdimen 13\font =0pt\relax 
.................................................
LaTeX Font Info:    Encoding `OMX' has changed to `TU' for symbol font
(Font)              `largesymbols' in the math version `normal' on input line 1
23.
LaTeX Font Info:    Overwriting symbol font `largesymbols' in version `normal'
(Font)                  OMX/lmex/m/n --> TU/latinmodern-math.otf(3)/m/n on inpu
t line 123.
LaTeX Font Info:    Encoding `OMX' has changed to `TU' for symbol font
(Font)              `largesymbols' in the math version `bold' on input line 123
.
LaTeX Font Info:    Overwriting symbol font `largesymbols' in version `bold'
(Font)                  OMX/lmex/m/n --> TU/latinmodern-math.otf(3)/bx/n on inp
ut line 123.
LaTeX Info: Redefining \microtypecontext on input line 123.
Package microtype Info: Character protrusion enabled (level 2).
Package microtype Info: Using protrusion set `basicmath'.
Package microtype Info: No adjustment of tracking.
Package microtype Info: No adjustment of spacing.
Package microtype Info: No adjustment of kerning.
(/usr/share/texlive/texmf-dist/tex/latex/microtype/mt-LatinModernRoman.cfg
File: mt-LatinModernRoman.cfg 2013/03/13 v1.0 microtype config. file: Latin Mod
ern Roman (RS)
)
\AtBeginShipoutBox=\box51
Package hyperref Info: Link coloring OFF on input line 123.
(/usr/share/texlive/texmf-dist/tex/latex/hyperref/nameref.sty
Package: nameref 2016/05/21 v2.44 Cross-referencing by name of section
(/usr/share/texlive/texmf-dist/tex/generic/oberdiek/gettitlestring.sty
Package: gettitlestring 2016/05/16 v1.5 Cleanup title references (HO)
)
\c@section@level=\count289
)
LaTeX Info: Redefining \ref on input line 123.
LaTeX Info: Redefining \pageref on input line 123.
LaTeX Info: Redefining \nameref on input line 123.
(./bookdown-demo.out) (./bookdown-demo.out)
\@outlinefile=\write4
\openout4 = `bookdown-demo.out'.

LaTeX Font Info:    Font shape `TU/latinmodern-math.otf(1)/m/n' will be
(Font)              scaled to size 12.0pt on input line 125.
LaTeX Font Info:    Font shape `TU/latinmodern-math.otf(1)/m/n' will be
(Font)              scaled to size 8.0pt on input line 125.
LaTeX Font Info:    Font shape `TU/latinmodern-math.otf(1)/m/n' will be
(Font)              scaled to size 6.0pt on input line 125.
LaTeX Font Info:    Try loading font information for OML+lmm on input line 125.

(/usr/share/texmf/tex/latex/lm/omllmm.fd
File: omllmm.fd 2009/10/30 v1.6 Font defs for Latin Modern
)
LaTeX Font Info:    Font shape `TU/latinmodern-math.otf(2)/m/n' will be
(Font)              scaled to size 12.00018pt on input line 125.
LaTeX Font Info:    Font shape `TU/latinmodern-math.otf(2)/m/n' will be
(Font)              scaled to size 8.00012pt on input line 125.
LaTeX Font Info:    Font shape `TU/latinmodern-math.otf(2)/m/n' will be
(Font)              scaled to size 6.00009pt on input line 125.
LaTeX Font Info:    Font shape `TU/latinmodern-math.otf(3)/m/n' will be
(Font)              scaled to size 11.99982pt on input line 125.
LaTeX Font Info:    Font shape `TU/latinmodern-math.otf(3)/m/n' will be
(Font)              scaled to size 7.99988pt on input line 125.
LaTeX Font Info:    Font shape `TU/latinmodern-math.otf(3)/m/n' will be
(Font)              scaled to size 5.99991pt on input line 125.
LaTeX Font Info:    Try loading font information for U+msa on input line 125.
(/usr/share/texlive/texmf-dist/tex/latex/amsfonts/umsa.fd
File: umsa.fd 2013/01/14 v3.01 AMS symbols A
) (/usr/share/texlive/texmf-dist/tex/latex/microtype/mt-msa.cfg
File: mt-msa.cfg 2006/02/04 v1.1 microtype config. file: AMS symbols (a) (RS)
)
LaTeX Font Info:    Try loading font information for U+msb on input line 125.
(/usr/share/texlive/texmf-dist/tex/latex/amsfonts/umsb.fd
File: umsb.fd 2013/01/14 v3.01 AMS symbols B
) (/usr/share/texlive/texmf-dist/tex/latex/microtype/mt-msb.cfg
File: mt-msb.cfg 2005/06/01 v1.0 microtype config. file: AMS symbols (b) (RS)
) [1


] [2

] (./bookdown-demo.toc
LaTeX Font Info:    Font shape `TU/latinmodern-math.otf(1)/m/n' will be
(Font)              scaled to size 7.01236pt on input line 2.
LaTeX Font Info:    Font shape `TU/latinmodern-math.otf(1)/m/n' will be
(Font)              scaled to size 4.98074pt on input line 2.
LaTeX Font Info:    Font shape `TU/latinmodern-math.otf(2)/m/n' will be
(Font)              scaled to size 10.00015pt on input line 2.
LaTeX Font Info:    Font shape `TU/latinmodern-math.otf(2)/m/n' will be
(Font)              scaled to size 7.01247pt on input line 2.
LaTeX Font Info:    Font shape `TU/latinmodern-math.otf(2)/m/n' will be
(Font)              scaled to size 4.9808pt on input line 2.
LaTeX Font Info:    Font shape `TU/latinmodern-math.otf(3)/m/n' will be
(Font)              scaled to size 9.99985pt on input line 2.
LaTeX Font Info:    Font shape `TU/latinmodern-math.otf(3)/m/n' will be
(Font)              scaled to size 7.01224pt on input line 2.
LaTeX Font Info:    Font shape `TU/latinmodern-math.otf(3)/m/n' will be
(Font)              scaled to size 4.98067pt on input line 2.
)
\tf@toc=\write5
\openout5 = `bookdown-demo.toc'.

[3] [4

]
Chapter 1.
[5]
Underfull \hbox (badness 10000) in paragraph at lines 179--181

 []


Underfull \hbox (badness 10000) in paragraph at lines 181--183

 []


Underfull \hbox (badness 10000) in paragraph at lines 209--211

 []


Underfull \hbox (badness 10000) in paragraph at lines 211--213

 []


Underfull \hbox (badness 10000) in paragraph at lines 213--214

 []

[6]
Underfull \hbox (badness 10000) in paragraph at lines 222--224

 []


Overfull \hbox (0.96082pt too wide) in paragraph at lines 250--251
[]$[][][][][]$|  
 []


Overfull \hbox (3.33801pt too wide) in paragraph at lines 252--253
[]$[][][][][]$|  
 []


Overfull \hbox (11.55833pt too wide) in alignment at lines 243--263
 [] [] [] [] [] [] [] [] 
 []


Overfull \hbox (8.37747pt too wide) in paragraph at lines 286--287
[]\TU/lmr/m/n/10 201.506|  
 []


Overfull \hbox (3.62747pt too wide) in paragraph at lines 288--289
[]\TU/lmr/m/n/10 51.781|  
 []


Overfull \hbox (8.37747pt too wide) in paragraph at lines 303--304
[]\TU/lmr/m/n/10 203.023|  
 []


Overfull \hbox (3.62747pt too wide) in paragraph at lines 305--306
[]\TU/lmr/m/n/10 53.625|  
 []


Overfull \hbox (8.37747pt too wide) in paragraph at lines 320--321
[]\TU/lmr/m/n/10 204.551|  
 []


Overfull \hbox (3.62747pt too wide) in paragraph at lines 322--323
[]\TU/lmr/m/n/10 55.536|  
 []


Overfull \hbox (2.74852pt too wide) in paragraph at lines 350--351
[]\TU/lmr/m/n/10 49|  
 []


Overfull \hbox (8.37747pt too wide) in paragraph at lines 354--355
[]\TU/lmr/m/n/10 288.824|  
 []


Overfull \hbox (8.37747pt too wide) in paragraph at lines 356--357
[]\TU/lmr/m/n/10 277.833|  
 []


Overfull \hbox (3.09853pt too wide) in paragraph at lines 367--368
[]\TU/lmr/m/n/10 50|  
 []


Overfull \hbox (8.37747pt too wide) in paragraph at lines 371--372
[]\TU/lmr/m/n/10 290.998|  
 []


Overfull \hbox (8.37747pt too wide) in paragraph at lines 373--374
[]\TU/lmr/m/n/10 287.730|  
 []


Overfull \hbox (3.09853pt too wide) in paragraph at lines 384--385
[]\TU/lmr/m/n/10 51|  
 []


Overfull \hbox (8.37747pt too wide) in paragraph at lines 388--389
[]\TU/lmr/m/n/10 293.189|  
 []


Overfull \hbox (8.37747pt too wide) in paragraph at lines 390--391
[]\TU/lmr/m/n/10 297.979|  
 []


Overfull \hbox (11.55833pt too wide) in alignment at lines 263--401
 [] [] [] [] [] [] [] [] 
 []

[7]
Overfull \hbox (82.36078pt too wide) detected at line 422
[][]
 []


Underfull \hbox (badness 10000) in paragraph at lines 422--425

 []


Underfull \hbox (badness 10000) in paragraph at lines 432--433

 []

[8]
Underfull \hbox (badness 10000) in paragraph at lines 438--440

 []


Underfull \hbox (badness 10000) in paragraph at lines 440--441

 []


Underfull \hbox (badness 10000) in paragraph at lines 449--451

 []


Package amsmath Warning: Foreign command \over;
(amsmath)                \frac or \genfrac should be used instead
(amsmath)                 on input line 454.


Overfull \hbox (1.84853pt too wide) detected at line 458
[][]
 []


Underfull \hbox (badness 10000) in paragraph at lines 458--460

 []


Underfull \hbox (badness 10000) in paragraph at lines 460--461

 []


Underfull \vbox (badness 2229) has occurred while \output is active []

[9]
Underfull \hbox (badness 10000) in paragraph at lines 467--469

 []


Underfull \hbox (badness 10000) in paragraph at lines 469--471

 []


Overfull \hbox (149.6849pt too wide) detected at line 477
[][]
 []


Underfull \hbox (badness 10000) in paragraph at lines 477--479

 []

File: figures/problemset1_pp1.png Graphic file (type bmp)
<figures/problemset1_pp1.png>
File: figures/problemset1_pp2.png Graphic file (type bmp)
<figures/problemset1_pp2.png>

Underfull \vbox (badness 6001) has occurred while \output is active []

[10]
Underfull \hbox (badness 10000) in paragraph at lines 493--494

 []

[11] [12

]
Chapter 2.
[13]
Underfull \hbox (badness 10000) in paragraph at lines 554--558

 []

LaTeX Font Info:    Font shape `TU/lmtt/bx/n' in size <10> not available
(Font)              Font shape `TU/lmtt/b/n' tried instead on input line 563.
[14] [15]
File: bookdown-demo_files/figure-latex/unnamed-chunk-6-1.pdf Graphic file (type
 pdf)
<use bookdown-demo_files/figure-latex/unnamed-chunk-6-1.pdf>
File: bookdown-demo_files/figure-latex/unnamed-chunk-8-1.pdf Graphic file (type
 pdf)
<use bookdown-demo_files/figure-latex/unnamed-chunk-8-1.pdf>
[16]
File: bookdown-demo_files/figure-latex/unnamed-chunk-10-1.pdf Graphic file (typ
e pdf)
<use bookdown-demo_files/figure-latex/unnamed-chunk-10-1.pdf>

Underfull \hbox (badness 10000) in paragraph at lines 694--697

 []


Underfull \hbox (badness 10000) in paragraph at lines 697--700

 []

[17]
Underfull \hbox (badness 10000) in paragraph at lines 700--703

 []

File: bookdown-demo_files/figure-latex/unnamed-chunk-12-1.pdf Graphic file (typ
e pdf)
<use bookdown-demo_files/figure-latex/unnamed-chunk-12-1.pdf>
[18]
File: bookdown-demo_files/figure-latex/unnamed-chunk-14-1.pdf Graphic file (typ
e pdf)
<use bookdown-demo_files/figure-latex/unnamed-chunk-14-1.pdf>
File: bookdown-demo_files/figure-latex/unnamed-chunk-15-1.pdf Graphic file (typ
e pdf)
<use bookdown-demo_files/figure-latex/unnamed-chunk-15-1.pdf>
File: bookdown-demo_files/figure-latex/unnamed-chunk-16-1.pdf Graphic file (typ
e pdf)
<use bookdown-demo_files/figure-latex/unnamed-chunk-16-1.pdf>
File: bookdown-demo_files/figure-latex/unnamed-chunk-17-1.pdf Graphic file (typ
e pdf)
<use bookdown-demo_files/figure-latex/unnamed-chunk-17-1.pdf>
File: bookdown-demo_files/figure-latex/unnamed-chunk-18-1.pdf Graphic file (typ
e pdf)
<use bookdown-demo_files/figure-latex/unnamed-chunk-18-1.pdf>
File: bookdown-demo_files/figure-latex/unnamed-chunk-19-1.pdf Graphic file (typ
e pdf)
<use bookdown-demo_files/figure-latex/unnamed-chunk-19-1.pdf>

Underfull \hbox (badness 10000) in paragraph at lines 748--749

 []

[19] [20] [21]
Underfull \hbox (badness 10000) in paragraph at lines 758--760

 []


Underfull \hbox (badness 10000) in paragraph at lines 760--762

 []

[22]
Chapter 3.

Underfull \hbox (badness 10000) in paragraph at lines 775--777

 []


Underfull \hbox (badness 10000) in paragraph at lines 779--781

 []

[23

]
Underfull \hbox (badness 10000) in paragraph at lines 783--785

 []


Underfull \hbox (badness 10000) in paragraph at lines 785--787

 []


Underfull \hbox (badness 10000) in paragraph at lines 787--789

 []

[24]
Underfull \hbox (badness 10000) in paragraph at lines 811--812

 []

File: bookdown-demo_files/figure-latex/unnamed-chunk-21-1.pdf Graphic file (typ
e pdf)
<use bookdown-demo_files/figure-latex/unnamed-chunk-21-1.pdf>

Underfull \hbox (badness 10000) in paragraph at lines 819--821

 []

[25]
File: bookdown-demo_files/figure-latex/unnamed-chunk-22-1.pdf Graphic file (typ
e pdf)
<use bookdown-demo_files/figure-latex/unnamed-chunk-22-1.pdf>

Underfull \hbox (badness 10000) in paragraph at lines 826--827

 []

File: bookdown-demo_files/figure-latex/unnamed-chunk-23-1.pdf Graphic file (typ
e pdf)
<use bookdown-demo_files/figure-latex/unnamed-chunk-23-1.pdf>

Underfull \hbox (badness 10000) in paragraph at lines 833--834

 []


Underfull \vbox (badness 6316) has occurred while \output is active []

[26] [27]
Underfull \hbox (badness 10000) in paragraph at lines 859--860

 []

File: bookdown-demo_files/figure-latex/unnamed-chunk-25-1.pdf Graphic file (typ
e pdf)
<use bookdown-demo_files/figure-latex/unnamed-chunk-25-1.pdf>
[28]
Underfull \hbox (badness 10000) in paragraph at lines 892--893

 []

File: bookdown-demo_files/figure-latex/unnamed-chunk-27-1.pdf Graphic file (typ
e pdf)
<use bookdown-demo_files/figure-latex/unnamed-chunk-27-1.pdf>
File: bookdown-demo_files/figure-latex/unnamed-chunk-28-1.pdf Graphic file (typ
e pdf)
<use bookdown-demo_files/figure-latex/unnamed-chunk-28-1.pdf>

Underfull \hbox (badness 10000) in paragraph at lines 904--905

 []

[29]
File: bookdown-demo_files/figure-latex/unnamed-chunk-29-1.pdf Graphic file (typ
e pdf)
<use bookdown-demo_files/figure-latex/unnamed-chunk-29-1.pdf>

Underfull \hbox (badness 10000) in paragraph at lines 910--911

 []

File: bookdown-demo_files/figure-latex/unnamed-chunk-30-1.pdf Graphic file (typ
e pdf)
<use bookdown-demo_files/figure-latex/unnamed-chunk-30-1.pdf>

Underfull \hbox (badness 10000) in paragraph at lines 919--920

 []

File: bookdown-demo_files/figure-latex/unnamed-chunk-32-1.pdf Graphic file (typ
e pdf)
<use bookdown-demo_files/figure-latex/unnamed-chunk-32-1.pdf>
[30] [31]
Underfull \hbox (badness 10000) in paragraph at lines 930--932

 []


Underfull \hbox (badness 10000) in paragraph at lines 932--934

 []

File: bookdown-demo_files/figure-latex/unnamed-chunk-34-1.pdf Graphic file (typ
e pdf)
<use bookdown-demo_files/figure-latex/unnamed-chunk-34-1.pdf>

Underfull \vbox (badness 10000) has occurred while \output is active []

[32]
Overfull \hbox (80.25pt too wide) in paragraph at lines 1148--1148
[]\TU/lmtt/m/n/10 ##                                    histid dyear byear dmon
th bmonth census_age[] 
 []


Overfull \hbox (80.25pt too wide) in paragraph at lines 1148--1148
[]\TU/lmtt/m/n/10 ##   1: D4C1CED5-E21B-452F-B027-E07973C8D5A5  2000  1895     
12      9         44[] 
 []


Overfull \hbox (80.25pt too wide) in paragraph at lines 1148--1148
[]\TU/lmtt/m/n/10 ##   2: 4D1C6991-6D01-4903-ADBB-71F379F4AA96  2000  1895     
11      1         45[] 
 []


Overfull \hbox (80.25pt too wide) in paragraph at lines 1148--1148
[]\TU/lmtt/m/n/10 ##   3: 0DD41551-07AF-4D4B-92BF-C11E49007B80  2001  1895     
 4      5         44[] 
 []


Overfull \hbox (80.25pt too wide) in paragraph at lines 1148--1148
[]\TU/lmtt/m/n/10 ##   4: 800EEA26-72C5-4DED-80B0-A4682677BCED  2003  1897     
11     12         42[] 
 []


Overfull \hbox (80.25pt too wide) in paragraph at lines 1148--1148
[]\TU/lmtt/m/n/10 ##   5: 85077BBB-A8B7-4DF0-BDEB-C3382460197B  2000  1895     
12      9         44[] 
 []


Overfull \hbox (80.25pt too wide) in paragraph at lines 1148--1148
[]\TU/lmtt/m/n/10 ## 125: 8B07E413-E7AA-458F-8759-EA4709AC616B  2003  1897     
 5      3         43[] 
 []


Overfull \hbox (80.25pt too wide) in paragraph at lines 1148--1148
[]\TU/lmtt/m/n/10 ## 126: 3CCDDB6D-9CC5-4184-82CA-4795091F80E0  2001  1895     
12      1         45[] 
 []


Overfull \hbox (80.25pt too wide) in paragraph at lines 1148--1148
[]\TU/lmtt/m/n/10 ## 127: 6E1417C4-AABC-412E-94CC-E1996BC78BDD  2003  1897     
 3      6         42[] 
 []


Overfull \hbox (80.25pt too wide) in paragraph at lines 1148--1148
[]\TU/lmtt/m/n/10 ## 128: C518CB1F-04E7-472F-8D08-F222E3889077  2002  1895     
 2      2         45[] 
 []


Overfull \hbox (80.25pt too wide) in paragraph at lines 1148--1148
[]\TU/lmtt/m/n/10 ## 129: 688320D5-F9FF-4B98-9EBF-1F7116C53636  2004  1898     
 5     11         41[] 
 []


Overfull \hbox (48.75pt too wide) in paragraph at lines 1148--1148
[]\TU/lmtt/m/n/10 ##      death_age educyrs       hispan                   race
           bpl[] 
 []

[33]
Overfull \hbox (48.75pt too wide) in paragraph at lines 1148--1148
[]\TU/lmtt/m/n/10 ##   1:       105      12 Not Hispanic                  White
      Arkansas[] 
 []


Overfull \hbox (48.75pt too wide) in paragraph at lines 1148--1148
[]\TU/lmtt/m/n/10 ##   2:       105       8 Not Hispanic                  White
      Arkansas[] 
 []


Overfull \hbox (48.75pt too wide) in paragraph at lines 1148--1148
[]\TU/lmtt/m/n/10 ##   3:       105       9 Not Hispanic                  White
          Ohio[] 
 []


Overfull \hbox (48.75pt too wide) in paragraph at lines 1148--1148
[]\TU/lmtt/m/n/10 ##   4:       105       4 Not Hispanic                Chinese
         China[] 
 []


Overfull \hbox (48.75pt too wide) in paragraph at lines 1148--1148
[]\TU/lmtt/m/n/10 ##   5:       105       9 Not Hispanic                  White
      Nebraska[] 
 []


Overfull \hbox (48.75pt too wide) in paragraph at lines 1148--1148
[]\TU/lmtt/m/n/10 ## 125:       106      11 Not Hispanic                  White
     Wisconsin[] 
 []


Overfull \hbox (48.75pt too wide) in paragraph at lines 1148--1148
[]\TU/lmtt/m/n/10 ## 126:       106       9 Not Hispanic Black/African American
 West Virginia[] 
 []


Overfull \hbox (48.75pt too wide) in paragraph at lines 1148--1148
[]\TU/lmtt/m/n/10 ## 127:       105      10 Not Hispanic                  White
 West Virginia[] 
 []


Overfull \hbox (48.75pt too wide) in paragraph at lines 1148--1148
[]\TU/lmtt/m/n/10 ## 128:       106      18 Not Hispanic                  White
     Minnesota[] 
 []


Overfull \hbox (48.75pt too wide) in paragraph at lines 1148--1148
[]\TU/lmtt/m/n/10 ## 129:       105      15 Not Hispanic                  White
      Nebraska[] 
 []


Overfull \hbox (69.75pt too wide) in paragraph at lines 1148--1148
[]\TU/lmtt/m/n/10 ##          mbpl     fbpl               empstat incwage      
             marst[] 
 []


Overfull \hbox (69.75pt too wide) in paragraph at lines 1148--1148
[]\TU/lmtt/m/n/10 ##   1:     <NA>     <NA> At work, public emerg     736 Marri
ed, spouse present[] 
 []


Overfull \hbox (69.75pt too wide) in paragraph at lines 1148--1148
[]\TU/lmtt/m/n/10 ##   2:     <NA>     <NA>               At work      NA Marri
ed, spouse present[] 
 []


Overfull \hbox (69.75pt too wide) in paragraph at lines 1148--1148
[]\TU/lmtt/m/n/10 ##   3:     <NA>     <NA>               At work    2080      
          Divorced[] 
 []


Overfull \hbox (69.75pt too wide) in paragraph at lines 1148--1148
[]\TU/lmtt/m/n/10 ##   4:     <NA>     <NA>               At work    1200    Ne
ver married/single[] 
 []


Overfull \hbox (69.75pt too wide) in paragraph at lines 1148--1148
[]\TU/lmtt/m/n/10 ##   5: Missouri Missouri               At work    1900 Marri
ed, spouse present[] 
 []


Overfull \hbox (69.75pt too wide) in paragraph at lines 1148--1148
[]\TU/lmtt/m/n/10 ## 125:     <NA>  Germany               At work      NA    Ne
ver married/single[] 
 []


Overfull \hbox (69.75pt too wide) in paragraph at lines 1148--1148
[]\TU/lmtt/m/n/10 ## 126:     <NA>     <NA>               At work     300 Marri
ed, spouse present[] 
 []


Overfull \hbox (69.75pt too wide) in paragraph at lines 1148--1148
[]\TU/lmtt/m/n/10 ## 127:     <NA>     <NA>               At work    1200 Marri
ed, spouse present[] 
 []


Overfull \hbox (69.75pt too wide) in paragraph at lines 1148--1148
[]\TU/lmtt/m/n/10 ## 128:     <NA>     <NA>               At work    4000 Marri
ed, spouse present[] 
 []


Overfull \hbox (69.75pt too wide) in paragraph at lines 1148--1148
[]\TU/lmtt/m/n/10 ## 129: Nebraska     <NA>               At work      NA    Ne
ver married/single[] 
 []


Overfull \hbox (6.75pt too wide) in paragraph at lines 1148--1148
[]\TU/lmtt/m/n/10 ##                                     incnonwg              
  educ[] 
 []


Overfull \hbox (6.75pt too wide) in paragraph at lines 1148--1148
[]\TU/lmtt/m/n/10 ##   1: Less than $50 nonwage, nonsalary income            Gr
ade 11[] 
 []


Overfull \hbox (6.75pt too wide) in paragraph at lines 1148--1148
[]\TU/lmtt/m/n/10 ##   2:          $50+ nonwage, nonsalary income             G
rade 7[] 
 []


Overfull \hbox (6.75pt too wide) in paragraph at lines 1148--1148
[]\TU/lmtt/m/n/10 ##   3: Less than $50 nonwage, nonsalary income             G
rade 8[] 
 []


Overfull \hbox (6.75pt too wide) in paragraph at lines 1148--1148
[]\TU/lmtt/m/n/10 ##   4: Less than $50 nonwage, nonsalary income             G
rade 3[] 
 []


Overfull \hbox (6.75pt too wide) in paragraph at lines 1148--1148
[]\TU/lmtt/m/n/10 ##   5: Less than $50 nonwage, nonsalary income             G
rade 8[] 
 []


Overfull \hbox (6.75pt too wide) in paragraph at lines 1148--1148
[]\TU/lmtt/m/n/10 ## 125:          $50+ nonwage, nonsalary income            Gr
ade 10[] 
 []


Overfull \hbox (6.75pt too wide) in paragraph at lines 1148--1148
[]\TU/lmtt/m/n/10 ## 126: Less than $50 nonwage, nonsalary income             G
rade 8[] 
 []


Overfull \hbox (6.75pt too wide) in paragraph at lines 1148--1148
[]\TU/lmtt/m/n/10 ## 127: Less than $50 nonwage, nonsalary income             G
rade 9[] 
 []


Overfull \hbox (6.75pt too wide) in paragraph at lines 1148--1148
[]\TU/lmtt/m/n/10 ## 128: Less than $50 nonwage, nonsalary income 5+ years of c
ollege[] 
 []

[34]
Overfull \hbox (6.75pt too wide) in paragraph at lines 1148--1148
[]\TU/lmtt/m/n/10 ## 129:          $50+ nonwage, nonsalary income  2 years of c
ollege[] 
 []


Overfull \hbox (80.25pt too wide) in paragraph at lines 1148--1148
[]\TU/lmtt/m/n/10 ##                                        occ rent   weight d
day bday y_orig_educ[] 
 []


Overfull \hbox (80.25pt too wide) in paragraph at lines 1148--1148
[]\TU/lmtt/m/n/10 ##   1: Clerical and kindred workers (n.e.c.)    7 5.273636  
  5   27          12[] 
 []


Overfull \hbox (80.25pt too wide) in paragraph at lines 1148--1148
[]\TU/lmtt/m/n/10 ##   2:    Buyers and shippers, farm products <NA> 5.273636  
  9   24           8[] 
 []


Overfull \hbox (80.25pt too wide) in paragraph at lines 1148--1148
[]\TU/lmtt/m/n/10 ##   3:   Operative and kindred workers (nec) <NA> 4.101000  
  4   28           9[] 
 []


Overfull \hbox (80.25pt too wide) in paragraph at lines 1148--1148
[]\TU/lmtt/m/n/10 ##   4:       Cooks, except private household   25 2.846923  
  5   27           4[] 
 []


Overfull \hbox (80.25pt too wide) in paragraph at lines 1148--1148
[]\TU/lmtt/m/n/10 ##   5:                            Carpenters <NA> 5.273636  
 13   14           9[] 
 []


Overfull \hbox (80.25pt too wide) in paragraph at lines 1148--1148
[]\TU/lmtt/m/n/10 ## 125:          Farmers (owners and tenants) <NA> 8.252500  
  8    3          11[] 
 []


Overfull \hbox (80.25pt too wide) in paragraph at lines 1148--1148
[]\TU/lmtt/m/n/10 ## 126:          Mine operatives and laborers   12 8.002500  
  8    3           9[] 
 []


Overfull \hbox (80.25pt too wide) in paragraph at lines 1148--1148
[]\TU/lmtt/m/n/10 ## 127:   Operative and kindred workers (nec)   20 2.846923  
 31    8          10[] 
 []


Overfull \hbox (80.25pt too wide) in paragraph at lines 1148--1148
[]\TU/lmtt/m/n/10 ## 128:                  Stationary engineers   25 4.200000  
  4   26          18[] 
 []


Overfull \hbox (80.25pt too wide) in paragraph at lines 1148--1148
[]\TU/lmtt/m/n/10 ## 129:  Farm laborers, unpaid family workers <NA> 4.455455  
  4    9          15[] 
 []


Overfull \hbox (80.25pt too wide) in paragraph at lines 1148--1148
[]\TU/lmtt/m/n/10 ##                                    histid dyear byear dmon
th bmonth census_age[] 
 []


Overfull \hbox (80.25pt too wide) in paragraph at lines 1148--1148
[]\TU/lmtt/m/n/10 ##   1: 40263A47-2326-457A-9B39-23C3A1EB6B62  2004  1900     
 8      3         40[] 
 []


Overfull \hbox (80.25pt too wide) in paragraph at lines 1148--1148
[]\TU/lmtt/m/n/10 ##   2: 2DE26A35-C0A3-4B84-9617-969C7D865411  1999  1895     
12      8         44[] 
 []


Overfull \hbox (80.25pt too wide) in paragraph at lines 1148--1148
[]\TU/lmtt/m/n/10 ##   3: 3847A6C1-CE3E-487B-83D3-E625F67BC0D9  2004  1900     
 1      1         40[] 
 []


Overfull \hbox (80.25pt too wide) in paragraph at lines 1148--1148
[]\TU/lmtt/m/n/10 ##   4: 913D273F-7569-4440-824D-DEB557477530  1999  1895     
 6      6         44[] 
 []


Overfull \hbox (80.25pt too wide) in paragraph at lines 1148--1148
[]\TU/lmtt/m/n/10 ##   5: 75DAB0E7-6E5B-4A5B-9593-EFF92395CC8B  2002  1898     
10      6         41[] 
 []


Overfull \hbox (80.25pt too wide) in paragraph at lines 1148--1148
[]\TU/lmtt/m/n/10 ## 192: FDD066DD-4978-440F-901C-20F6563B0856  2002  1898     
 9      3         42[] 
 []


Overfull \hbox (80.25pt too wide) in paragraph at lines 1148--1148
[]\TU/lmtt/m/n/10 ## 193: B1B3AAA0-C054-4E00-B481-E8608E5D72B0  2000  1895     
10     12         44[] 
 []


Overfull \hbox (80.25pt too wide) in paragraph at lines 1148--1148
[]\TU/lmtt/m/n/10 ## 194: EB838184-1F2B-42F6-B02B-CD91B5B22235  2000  1895     
 7     12         44[] 
 []


Overfull \hbox (80.25pt too wide) in paragraph at lines 1148--1148
[]\TU/lmtt/m/n/10 ## 195: 33121249-5268-45D5-924E-CE438126D3A3  2001  1897     
12     11         42[] 
 []


Overfull \hbox (80.25pt too wide) in paragraph at lines 1148--1148
[]\TU/lmtt/m/n/10 ## 196: 5F9FE1CB-FC75-4921-9FAA-CCA4D33696E1  2001  1897     
 6      5         42[] 
 []


Overfull \hbox (75.0pt too wide) in paragraph at lines 1148--1148
[]\TU/lmtt/m/n/10 ##      death_age educyrs       hispan                   race
           bpl mbpl[] 
 []


Overfull \hbox (75.0pt too wide) in paragraph at lines 1148--1148
[]\TU/lmtt/m/n/10 ##   1:       104       5 Not Hispanic Black/African American
       Alabama <NA>[] 
 []


Overfull \hbox (75.0pt too wide) in paragraph at lines 1148--1148
[]\TU/lmtt/m/n/10 ##   2:       104       8 Not Hispanic                  White
      Arkansas <NA>[] 
 []


Overfull \hbox (75.0pt too wide) in paragraph at lines 1148--1148
[]\TU/lmtt/m/n/10 ##   3:       103      13 Not Hispanic                  White
      Missouri <NA>[] 
 []


Overfull \hbox (75.0pt too wide) in paragraph at lines 1148--1148
[]\TU/lmtt/m/n/10 ##   4:       104      13        Other                  White
         Spain <NA>[] 
 []


Overfull \hbox (75.0pt too wide) in paragraph at lines 1148--1148
[]\TU/lmtt/m/n/10 ##   5:       104      17 Not Hispanic                  White
    California <NA>[] 
 []

[35]
Overfull \hbox (75.0pt too wide) in paragraph at lines 1148--1148
[]\TU/lmtt/m/n/10 ## 192:       104       9 Not Hispanic                  White
 West Virginia <NA>[] 
 []


Overfull \hbox (75.0pt too wide) in paragraph at lines 1148--1148
[]\TU/lmtt/m/n/10 ## 193:       104      11 Not Hispanic                  White
 West Virginia <NA>[] 
 []


Overfull \hbox (75.0pt too wide) in paragraph at lines 1148--1148
[]\TU/lmtt/m/n/10 ## 194:       104       6 Not Hispanic                  White
       Georgia <NA>[] 
 []


Overfull \hbox (75.0pt too wide) in paragraph at lines 1148--1148
[]\TU/lmtt/m/n/10 ## 195:       104       9 Not Hispanic                  White
 West Virginia <NA>[] 
 []


Overfull \hbox (75.0pt too wide) in paragraph at lines 1148--1148
[]\TU/lmtt/m/n/10 ## 196:       104       9 Not Hispanic                  White
     Minnesota <NA>[] 
 []


Overfull \hbox (1.5pt too wide) in paragraph at lines 1148--1148
[]\TU/lmtt/m/n/10 ##                                     incnonwg              
 educ[] 
 []


Overfull \hbox (1.5pt too wide) in paragraph at lines 1148--1148
[]\TU/lmtt/m/n/10 ##   1: Less than $50 nonwage, nonsalary income            Gr
ade 4[] 
 []


Overfull \hbox (1.5pt too wide) in paragraph at lines 1148--1148
[]\TU/lmtt/m/n/10 ##   2:          $50+ nonwage, nonsalary income            Gr
ade 7[] 
 []


Overfull \hbox (1.5pt too wide) in paragraph at lines 1148--1148
[]\TU/lmtt/m/n/10 ##   3: Less than $50 nonwage, nonsalary income           Gra
de 12[] 
 []


Overfull \hbox (1.5pt too wide) in paragraph at lines 1148--1148
[]\TU/lmtt/m/n/10 ##   4: Less than $50 nonwage, nonsalary income           Gra
de 12[] 
 []


Overfull \hbox (1.5pt too wide) in paragraph at lines 1148--1148
[]\TU/lmtt/m/n/10 ##   5: Less than $50 nonwage, nonsalary income 4 years of co
llege[] 
 []


Overfull \hbox (1.5pt too wide) in paragraph at lines 1148--1148
[]\TU/lmtt/m/n/10 ## 192: Less than $50 nonwage, nonsalary income            Gr
ade 8[] 
 []


Overfull \hbox (1.5pt too wide) in paragraph at lines 1148--1148
[]\TU/lmtt/m/n/10 ## 193: Less than $50 nonwage, nonsalary income           Gra
de 10[] 
 []


Overfull \hbox (1.5pt too wide) in paragraph at lines 1148--1148
[]\TU/lmtt/m/n/10 ## 194: Less than $50 nonwage, nonsalary income            Gr
ade 5[] 
 []


Overfull \hbox (1.5pt too wide) in paragraph at lines 1148--1148
[]\TU/lmtt/m/n/10 ## 195:          $50+ nonwage, nonsalary income            Gr
ade 8[] 
 []


Overfull \hbox (1.5pt too wide) in paragraph at lines 1148--1148
[]\TU/lmtt/m/n/10 ## 196: Less than $50 nonwage, nonsalary income            Gr
ade 8[] 
 []


Overfull \hbox (43.5pt too wide) in paragraph at lines 1148--1148
[]\TU/lmtt/m/n/10 ##                                             occ rent   wei
ght dday bday[] 
 []


Overfull \hbox (43.5pt too wide) in paragraph at lines 1148--1148
[]\TU/lmtt/m/n/10 ##   1:            Private household workers (nec)    3 3.018
929   26    4[] 
 []


Overfull \hbox (43.5pt too wide) in paragraph at lines 1148--1148
[]\TU/lmtt/m/n/10 ##   2:                Farm laborers, wage workers    2 3.762
857    5   12[] 
 []


Overfull \hbox (43.5pt too wide) in paragraph at lines 1148--1148
[]\TU/lmtt/m/n/10 ##   3:    Stenographers, typists, and secretaries <NA> 3.262
619   21   22[] 
 []

[36]
Overfull \hbox (43.5pt too wide) in paragraph at lines 1148--1148
[]\TU/lmtt/m/n/10 ##   4:                             Laborers (nec) <NA> 3.762
857   15   15[] 
 []


Overfull \hbox (43.5pt too wide) in paragraph at lines 1148--1148
[]\TU/lmtt/m/n/10 ##   5:              Mechanics and repairmen (nec) <NA> 5.438
750    4   14[] 
 []


Overfull \hbox (43.5pt too wide) in paragraph at lines 1148--1148
[]\TU/lmtt/m/n/10 ## 192:                   Policemen and detectives <NA> 5.438
750   14   18[] 
 []


Overfull \hbox (43.5pt too wide) in paragraph at lines 1148--1148
[]\TU/lmtt/m/n/10 ## 193: Managers, officials, and proprietors (nec) <NA> 3.273
636    2   18[] 
 []


Overfull \hbox (43.5pt too wide) in paragraph at lines 1148--1148
[]\TU/lmtt/m/n/10 ## 194:    Stenographers, typists, and secretaries <NA> 3.273
636   27    9[] 
 []


Overfull \hbox (43.5pt too wide) in paragraph at lines 1148--1148
[]\TU/lmtt/m/n/10 ## 195:               Farmers (owners and tenants) <NA> 5.295
294   18   14[] 
 []


Overfull \hbox (43.5pt too wide) in paragraph at lines 1148--1148
[]\TU/lmtt/m/n/10 ## 196: Managers, officials, and proprietors (nec) <NA> 5.295
294   18   22[] 
 []


Overfull \hbox (12.0pt too wide) in paragraph at lines 1148--1148
[]\TU/lmtt/m/n/10 ![](bookdown-demo_files/figure-latex/unnamed-chunk-35-1.pdf)<
!-- -->[] 
 []


Overfull \hbox (600.0pt too wide) in paragraph at lines 1148--1148
[]\TU/lmtt/m/n/10 c. We[]ll run the wage income comparison for Blacks and White
s separately. To this we need the other file that Josh uses, so we[]ll run the 
previous data cleaning code again as well.[] 
 []


Overfull \hbox (972.75pt too wide) in paragraph at lines 1148--1148
[]\TU/lmtt/m/n/10 Now let[]s graph these two. We can see a decline in log wages
 with age for Blacks that we do not observe for Whites, for whom this tends to 
increase by age. This suggests that we may observe greater variance in heteroge
neity for blacks than for Whites.[] 
 []

File: bookdown-demo_files/figure-latex/unnamed-chunk-37-1.pdf Graphic file (typ
e pdf)
<use bookdown-demo_files/figure-latex/unnamed-chunk-37-1.pdf>

Underfull \vbox (badness 10000) has occurred while \output is active []

[37]
File: bookdown-demo_files/figure-latex/unnamed-chunk-37-2.pdf Graphic file (typ
e pdf)
<use bookdown-demo_files/figure-latex/unnamed-chunk-37-2.pdf>
[38]
Chapter 4.

Underfull \hbox (badness 10000) in paragraph at lines 1188--1190

 []


Underfull \hbox (badness 10000) in paragraph at lines 1193--1195

 []


Underfull \hbox (badness 10000) in paragraph at lines 1195--1197

 []


Underfull \hbox (badness 10000) in paragraph at lines 1197--1199

 []


Underfull \hbox (badness 10000) in paragraph at lines 1199--1201

 []


Underfull \hbox (badness 10000) in paragraph at lines 1201--1203

 []

[39

]
File: bookdown-demo_files/figure-latex/unnamed-chunk-38-1.pdf Graphic file (typ
e pdf)
<use bookdown-demo_files/figure-latex/unnamed-chunk-38-1.pdf>
File: bookdown-demo_files/figure-latex/unnamed-chunk-38-2.pdf Graphic file (typ
e pdf)
<use bookdown-demo_files/figure-latex/unnamed-chunk-38-2.pdf>

Overfull \hbox (24.94795pt too wide) in paragraph at lines 1218--1223
\TU/lmr/m/n/10 year. []
 []


Underfull \hbox (badness 10000) in paragraph at lines 1218--1223

 []

[40]
File: bookdown-demo_files/figure-latex/unnamed-chunk-39-1.pdf Graphic file (typ
e pdf)
<use bookdown-demo_files/figure-latex/unnamed-chunk-39-1.pdf>
File: bookdown-demo_files/figure-latex/unnamed-chunk-39-2.pdf Graphic file (typ
e pdf)
<use bookdown-demo_files/figure-latex/unnamed-chunk-39-2.pdf>

Underfull \hbox (badness 10000) in paragraph at lines 1223--1227
[]
 []


Underfull \hbox (badness 10000) in paragraph at lines 1223--1227

 []

File: bookdown-demo_files/figure-latex/unnamed-chunk-40-1.pdf Graphic file (typ
e pdf)
<use bookdown-demo_files/figure-latex/unnamed-chunk-40-1.pdf>
File: bookdown-demo_files/figure-latex/unnamed-chunk-40-2.pdf Graphic file (typ
e pdf)
<use bookdown-demo_files/figure-latex/unnamed-chunk-40-2.pdf>

Underfull \hbox (badness 10000) in paragraph at lines 1227--1230
[]
 []


Underfull \vbox (badness 10000) has occurred while \output is active []

[41]
Underfull \hbox (badness 10000) in paragraph at lines 1232--1233

 []

[42]
File: bookdown-demo_files/figure-latex/unnamed-chunk-42-1.pdf Graphic file (typ
e pdf)
<use bookdown-demo_files/figure-latex/unnamed-chunk-42-1.pdf>

Underfull \vbox (badness 10000) has occurred while \output is active []

[43]
Underfull \vbox (badness 10000) detected at line 1303
 []


Underfull \vbox (badness 10000) has occurred while \output is active []

[44]
File: bookdown-demo_files/figure-latex/unnamed-chunk-43-1.pdf Graphic file (typ
e pdf)
<use bookdown-demo_files/figure-latex/unnamed-chunk-43-1.pdf>
File: bookdown-demo_files/figure-latex/unnamed-chunk-44-1.pdf Graphic file (typ
e pdf)
<use bookdown-demo_files/figure-latex/unnamed-chunk-44-1.pdf>

Underfull \hbox (badness 10000) in paragraph at lines 1305--1308
[][]
 []


Overfull \hbox (120.53001pt too wide) in paragraph at lines 1305--1308
\TU/lmr/m/n/10 line schedule ($[][][][] [] [][][][][]$). [] 
 []


Underfull \vbox (badness 10000) has occurred while \output is active []

[45]
File: bookdown-demo_files/figure-latex/unnamed-chunk-45-1.pdf Graphic file (typ
e pdf)
<use bookdown-demo_files/figure-latex/unnamed-chunk-45-1.pdf>
File: bookdown-demo_files/figure-latex/unnamed-chunk-45-2.pdf Graphic file (typ
e pdf)
<use bookdown-demo_files/figure-latex/unnamed-chunk-45-2.pdf>

Underfull \hbox (badness 10000) in paragraph at lines 1314--1317
[]
 []


Underfull \vbox (badness 10000) has occurred while \output is active []

[46]
Overfull \hbox (58.0pt too wide) in paragraph at lines 1338--1338
 []\TU/lmtt/m/n/10 ##             5             6             7             8  
           9[] 
 []


Overfull \hbox (58.0pt too wide) in paragraph at lines 1338--1338
 []\TU/lmtt/m/n/10 ##           NaN           NaN           NaN           NaN  
         Inf[] 
 []


Overfull \hbox (58.0pt too wide) in paragraph at lines 1338--1338
 []\TU/lmtt/m/n/10 ##            10            11            12            13  
          14[] 
 []


Overfull \hbox (58.0pt too wide) in paragraph at lines 1338--1338
 []\TU/lmtt/m/n/10 ##           NaN  0.0279104400  0.0284926376  0.0264610984  
0.0237212086[] 
 []


Overfull \hbox (58.0pt too wide) in paragraph at lines 1338--1338
 []\TU/lmtt/m/n/10 ##            15            16            17            18  
          19[] 
 []


Overfull \hbox (58.0pt too wide) in paragraph at lines 1338--1338
 []\TU/lmtt/m/n/10 ##  0.0217063493  0.0201999478  0.0180307054  0.0163718360  
0.0143367711[] 
 []


Overfull \hbox (58.0pt too wide) in paragraph at lines 1338--1338
 []\TU/lmtt/m/n/10 ##            20            21            22            23  
          24[] 
 []


Overfull \hbox (58.0pt too wide) in paragraph at lines 1338--1338
 []\TU/lmtt/m/n/10 ##  0.0126676950  0.0108740251  0.0089406636  0.0070038016  
0.0051380233[] 
 []


Overfull \hbox (58.0pt too wide) in paragraph at lines 1338--1338
 []\TU/lmtt/m/n/10 ##            25            26            27            28  
          29[] 
 []


Overfull \hbox (58.0pt too wide) in paragraph at lines 1338--1338
 []\TU/lmtt/m/n/10 ##  0.0032746533  0.0013796601 -0.0004524888 -0.0022009709 -
0.0041665665[] 
 []


Overfull \hbox (58.0pt too wide) in paragraph at lines 1338--1338
 []\TU/lmtt/m/n/10 ##            30            31            32            33  
          34[] 
 []


Overfull \hbox (58.0pt too wide) in paragraph at lines 1338--1338
 []\TU/lmtt/m/n/10 ## -0.0059568771 -0.0079508464 -0.0098116081 -0.0116493883 -
0.0134483969[] 
 []


Overfull \hbox (58.0pt too wide) in paragraph at lines 1338--1338
 []\TU/lmtt/m/n/10 ##            35            36            37            38  
          39[] 
 []


Overfull \hbox (58.0pt too wide) in paragraph at lines 1338--1338
 []\TU/lmtt/m/n/10 ## -0.0152374780 -0.0174666475 -0.0187958955 -0.0213274275 -
0.0225088932[] 
 []


Overfull \hbox (58.0pt too wide) in paragraph at lines 1338--1338
 []\TU/lmtt/m/n/10 ##            40            41            42            43  
          44[] 
 []


Overfull \hbox (58.0pt too wide) in paragraph at lines 1338--1338
 []\TU/lmtt/m/n/10 ## -0.0246023349 -0.0284561023 -0.0218511609           NaN  
         NaN[] 
 []


Overfull \hbox (68.5pt too wide) in paragraph at lines 1355--1355
 []\TU/lmtt/m/n/10 ##           5           6           7           8          
 9          10[] 
 []


Overfull \hbox (68.5pt too wide) in paragraph at lines 1355--1355
 []\TU/lmtt/m/n/10 ##         NaN         NaN         NaN        -Inf -0.046615
12 -0.03769700[] 
 []


Overfull \hbox (68.5pt too wide) in paragraph at lines 1355--1355
 []\TU/lmtt/m/n/10 ##          11          12          13          14          
15          16[] 
 []


Overfull \hbox (68.5pt too wide) in paragraph at lines 1355--1355
 []\TU/lmtt/m/n/10 ## -0.02995997 -0.06192639 -0.05078215 -0.04858363 -0.051520
16 -0.05218837[] 
 []


Overfull \hbox (68.5pt too wide) in paragraph at lines 1355--1355
 []\TU/lmtt/m/n/10 ##          17          18          19          20          
21          22[] 
 []


Overfull \hbox (68.5pt too wide) in paragraph at lines 1355--1355
 []\TU/lmtt/m/n/10 ## -0.05159206 -0.05148395 -0.05160988 -0.05209997 -0.052047
56 -0.05258484[] 
 []


Overfull \hbox (68.5pt too wide) in paragraph at lines 1355--1355
 []\TU/lmtt/m/n/10 ##          23          24          25          26          
27          28[] 
 []


Overfull \hbox (68.5pt too wide) in paragraph at lines 1355--1355
 []\TU/lmtt/m/n/10 ## -0.05193104 -0.05309911 -0.05345465 -0.05218494 -0.052325
12 -0.05222811[] 
 []


Overfull \hbox (68.5pt too wide) in paragraph at lines 1355--1355
 []\TU/lmtt/m/n/10 ##          29          30          31          32          
33          34[] 
 []


Overfull \hbox (68.5pt too wide) in paragraph at lines 1355--1355
 []\TU/lmtt/m/n/10 ## -0.05151393 -0.05223201 -0.05259580 -0.05334486 -0.052616
64 -0.05131790[] 
 []


Overfull \hbox (68.5pt too wide) in paragraph at lines 1355--1355
 []\TU/lmtt/m/n/10 ##          35          36          37          38          
39          40[] 
 []


Overfull \hbox (68.5pt too wide) in paragraph at lines 1355--1355
 []\TU/lmtt/m/n/10 ## -0.04743019 -0.05145224 -0.06105139 -0.06151550 -0.045605
59        -Inf[] 
 []

[47]
Overfull \hbox (5.5pt too wide) in paragraph at lines 1355--1355
 []\TU/lmtt/m/n/10 ##          41          42          43          44          
45[] 
 []


Overfull \hbox (5.5pt too wide) in paragraph at lines 1355--1355
 []\TU/lmtt/m/n/10 ##        -Inf         NaN         NaN         NaN         N
aN[] 
 []

File: bookdown-demo_files/figure-latex/unnamed-chunk-45-3.pdf Graphic file (typ
e pdf)
<use bookdown-demo_files/figure-latex/unnamed-chunk-45-3.pdf>
[48]
Chapter 5.

Overfull \hbox (35.31628pt too wide) detected at line 1390
[][]
 []

[49

] [50]
File: figures/branch_simulation.png Graphic file (type bmp)
<figures/branch_simulation.png>
File: figures/extinctionplot.png Graphic file (type bmp)
<figures/extinctionplot.png>
File: figures/generation_dist.png Graphic file (type bmp)
<figures/generation_dist.png>
[51] [52] [53] [54]
Overfull \hbox (290.25pt too wide) in paragraph at lines 1595--1595
[]    \TU/lmtt/m/n/10 \includegraphics[width=1\linewidth]{figures/meanvar} \cap
tion{Survival mean and variance}\label{fig:unnamed-chunk-50}[] 
 []


Overfull \hbox (883.5pt too wide) in paragraph at lines 1595--1595
[]    \TU/lmtt/m/n/10 The mean and variance calculated above account for all li
nes, not just surviving ones. In this simulation, the mean tends to hover aroun
d 1 and the variance tends to increase with generation number, at least up to a
 certain point.[] 
 []

No file bookdown-demo.bbl.
Package atveryend Info: Empty hook `BeforeClearDocument' on input line 1601.
[55]
Package atveryend Info: Empty hook `AfterLastShipout' on input line 1601.
(./bookdown-demo.aux)
Package atveryend Info: Empty hook `AtVeryEndDocument' on input line 1601.
Package atveryend Info: Empty hook `AtEndAfterFileList' on input line 1601.
Package atveryend Info: Empty hook `AtVeryVeryEnd' on input line 1601.
 ) 
Here is how much of TeX's memory you used:
 25582 strings out of 493007
 473988 string characters out of 6136719
 690208 words of memory out of 5000000
 29268 multiletter control sequences out of 15000+600000
 536625 words of font info for 77 fonts, out of 8000000 for 9000
 1348 hyphenation exceptions out of 8191
 58i,11n,117p,10422b,580s stack positions out of 5000i,500n,10000p,200000b,80000s

Output written on bookdown-demo.pdf (55 pages).
